mode: atomic
github.com/raoptimus/kodrun/cmd/kodrun/main.go:53.69,55.12 2 0
github.com/raoptimus/kodrun/cmd/kodrun/main.go:55.12,57.16 2 0
github.com/raoptimus/kodrun/cmd/kodrun/main.go:57.16,58.32 1 0
github.com/raoptimus/kodrun/cmd/kodrun/main.go:58.32,59.12 1 0
github.com/raoptimus/kodrun/cmd/kodrun/main.go:60.105,60.105 0 0
github.com/raoptimus/kodrun/cmd/kodrun/main.go:61.13,61.13 0 0
github.com/raoptimus/kodrun/cmd/kodrun/main.go:65.3,65.7 1 0
github.com/raoptimus/kodrun/cmd/kodrun/main.go:71.24,72.42 1 0
github.com/raoptimus/kodrun/cmd/kodrun/main.go:72.42,74.3 1 0
github.com/raoptimus/kodrun/cmd/kodrun/main.go:76.2,80.36 3 0
github.com/raoptimus/kodrun/cmd/kodrun/main.go:83.13,84.15 1 0
github.com/raoptimus/kodrun/cmd/kodrun/main.go:84.15,85.31 1 0
github.com/raoptimus/kodrun/cmd/kodrun/main.go:85.31,89.4 3 0
github.com/raoptimus/kodrun/cmd/kodrun/main.go:92.2,109.63 2 0
github.com/raoptimus/kodrun/cmd/kodrun/main.go:109.63,112.3 2 0
github.com/raoptimus/kodrun/cmd/kodrun/main.go:115.42,117.16 2 0
github.com/raoptimus/kodrun/cmd/kodrun/main.go:117.16,119.3 1 0
github.com/raoptimus/kodrun/cmd/kodrun/main.go:120.2,120.23 1 0
github.com/raoptimus/kodrun/cmd/kodrun/main.go:120.23,124.3 3 0
github.com/raoptimus/kodrun/cmd/kodrun/main.go:125.2,125.27 1 0
github.com/raoptimus/kodrun/cmd/kodrun/main.go:125.27,129.3 3 0
github.com/raoptimus/kodrun/cmd/kodrun/main.go:130.2,130.17 1 0
github.com/raoptimus/kodrun/cmd/kodrun/main.go:133.228,138.41 4 0
github.com/raoptimus/kodrun/cmd/kodrun/main.go:138.41,140.3 1 0
github.com/raoptimus/kodrun/cmd/kodrun/main.go:141.2,141.46 1 0
github.com/raoptimus/kodrun/cmd/kodrun/main.go:141.46,146.3 1 0
github.com/raoptimus/kodrun/cmd/kodrun/main.go:147.2,148.48 2 0
github.com/raoptimus/kodrun/cmd/kodrun/main.go:148.48,150.3 1 0
github.com/raoptimus/kodrun/cmd/kodrun/main.go:155.2,162.21 5 0
github.com/raoptimus/kodrun/cmd/kodrun/main.go:162.21,164.33 2 0
github.com/raoptimus/kodrun/cmd/kodrun/main.go:164.33,166.4 1 0
github.com/raoptimus/kodrun/cmd/kodrun/main.go:167.3,175.47 5 0
github.com/raoptimus/kodrun/cmd/kodrun/main.go:175.47,177.4 1 0
github.com/raoptimus/kodrun/cmd/kodrun/main.go:178.3,178.46 1 0
github.com/raoptimus/kodrun/cmd/kodrun/main.go:178.46,180.4 1 0
github.com/raoptimus/kodrun/cmd/kodrun/main.go:181.3,181.41 1 0
github.com/raoptimus/kodrun/cmd/kodrun/main.go:184.2,188.21 3 0
github.com/raoptimus/kodrun/cmd/kodrun/main.go:188.21,193.3 1 0
github.com/raoptimus/kodrun/cmd/kodrun/main.go:196.2,198.22 2 0
github.com/raoptimus/kodrun/cmd/kodrun/main.go:198.22,200.4 1 0
github.com/raoptimus/kodrun/cmd/kodrun/main.go:201.3,202.16 2 0
github.com/raoptimus/kodrun/cmd/kodrun/main.go:202.16,204.4 1 0
github.com/raoptimus/kodrun/cmd/kodrun/main.go:205.3,205.56 1 0
github.com/raoptimus/kodrun/cmd/kodrun/main.go:209.2,210.22 2 0
github.com/raoptimus/kodrun/cmd/kodrun/main.go:210.22,213.33 3 0
github.com/raoptimus/kodrun/cmd/kodrun/main.go:213.33,223.4 1 0
github.com/raoptimus/kodrun/cmd/kodrun/main.go:224.3,224.70 1 0
github.com/raoptimus/kodrun/cmd/kodrun/main.go:224.70,226.4 1 0
github.com/raoptimus/kodrun/cmd/kodrun/main.go:227.3,227.37 1 0
github.com/raoptimus/kodrun/cmd/kodrun/main.go:227.37,229.4 1 0
github.com/raoptimus/kodrun/cmd/kodrun/main.go:230.3,230.28 1 0
github.com/raoptimus/kodrun/cmd/kodrun/main.go:233.2,237.94 5 0
github.com/raoptimus/kodrun/cmd/kodrun/main.go:240.57,243.16 2 0
github.com/raoptimus/kodrun/cmd/kodrun/main.go:243.16,245.3 1 0
github.com/raoptimus/kodrun/cmd/kodrun/main.go:246.2,251.16 4 0
github.com/raoptimus/kodrun/cmd/kodrun/main.go:251.16,253.3 1 0
github.com/raoptimus/kodrun/cmd/kodrun/main.go:255.2,259.19 4 0
github.com/raoptimus/kodrun/cmd/kodrun/main.go:259.19,263.3 3 0
github.com/raoptimus/kodrun/cmd/kodrun/main.go:266.2,267.37 2 0
github.com/raoptimus/kodrun/cmd/kodrun/main.go:267.37,269.3 1 0
github.com/raoptimus/kodrun/cmd/kodrun/main.go:270.2,283.45 12 0
github.com/raoptimus/kodrun/cmd/kodrun/main.go:283.45,285.3 1 0
github.com/raoptimus/kodrun/cmd/kodrun/main.go:287.2,290.19 2 0
github.com/raoptimus/kodrun/cmd/kodrun/main.go:290.19,296.3 5 0
github.com/raoptimus/kodrun/cmd/kodrun/main.go:299.2,300.27 2 0
github.com/raoptimus/kodrun/cmd/kodrun/main.go:300.27,307.17 5 0
github.com/raoptimus/kodrun/cmd/kodrun/main.go:307.17,309.4 1 0
github.com/raoptimus/kodrun/cmd/kodrun/main.go:310.3,311.17 2 0
github.com/raoptimus/kodrun/cmd/kodrun/main.go:311.17,313.4 1 0
github.com/raoptimus/kodrun/cmd/kodrun/main.go:314.3,314.40 1 0
github.com/raoptimus/kodrun/cmd/kodrun/main.go:318.2,320.30 2 0
github.com/raoptimus/kodrun/cmd/kodrun/main.go:320.30,321.10 1 0
github.com/raoptimus/kodrun/cmd/kodrun/main.go:322.20,322.20 0 0
github.com/raoptimus/kodrun/cmd/kodrun/main.go:323.21,323.21 0 0
github.com/raoptimus/kodrun/cmd/kodrun/main.go:326.2,344.55 7 0
github.com/raoptimus/kodrun/cmd/kodrun/main.go:344.55,346.42 2 0
github.com/raoptimus/kodrun/cmd/kodrun/main.go:346.42,348.4 1 0
github.com/raoptimus/kodrun/cmd/kodrun/main.go:352.2,352.21 1 0
github.com/raoptimus/kodrun/cmd/kodrun/main.go:352.21,354.32 2 0
github.com/raoptimus/kodrun/cmd/kodrun/main.go:354.32,356.17 2 0
github.com/raoptimus/kodrun/cmd/kodrun/main.go:356.17,358.5 1 0
github.com/raoptimus/kodrun/cmd/kodrun/main.go:365.4,367.47 2 0
github.com/raoptimus/kodrun/cmd/kodrun/main.go:367.47,375.5 1 0
github.com/raoptimus/kodrun/cmd/kodrun/main.go:377.4,377.40 1 0
github.com/raoptimus/kodrun/cmd/kodrun/main.go:377.40,383.5 1 0
github.com/raoptimus/kodrun/cmd/kodrun/main.go:385.4,385.58 1 0
github.com/raoptimus/kodrun/cmd/kodrun/main.go:385.58,390.5 1 0
github.com/raoptimus/kodrun/cmd/kodrun/main.go:393.4,394.54 2 0
github.com/raoptimus/kodrun/cmd/kodrun/main.go:394.54,401.5 1 0
github.com/raoptimus/kodrun/cmd/kodrun/main.go:406.4,407.18 2 0
github.com/raoptimus/kodrun/cmd/kodrun/main.go:407.18,410.5 2 0
github.com/raoptimus/kodrun/cmd/kodrun/main.go:411.4,411.42 1 0
github.com/raoptimus/kodrun/cmd/kodrun/main.go:411.42,414.5 2 0
github.com/raoptimus/kodrun/cmd/kodrun/main.go:418.4,418.13 1 0
github.com/raoptimus/kodrun/cmd/kodrun/main.go:418.13,420.5 1 0
github.com/raoptimus/kodrun/cmd/kodrun/main.go:425.2,426.75 2 0
github.com/raoptimus/kodrun/cmd/kodrun/main.go:426.75,433.3 3 0
github.com/raoptimus/kodrun/cmd/kodrun/main.go:436.2,437.61 2 0
github.com/raoptimus/kodrun/cmd/kodrun/main.go:437.61,444.3 3 0
github.com/raoptimus/kodrun/cmd/kodrun/main.go:447.2,448.68 2 0
github.com/raoptimus/kodrun/cmd/kodrun/main.go:448.68,455.3 3 0
github.com/raoptimus/kodrun/cmd/kodrun/main.go:458.2,463.23 2 0
github.com/raoptimus/kodrun/cmd/kodrun/main.go:463.23,465.26 2 0
github.com/raoptimus/kodrun/cmd/kodrun/main.go:465.26,467.4 1 0
github.com/raoptimus/kodrun/cmd/kodrun/main.go:468.3,468.24 1 0
github.com/raoptimus/kodrun/cmd/kodrun/main.go:471.2,471.31 1 0
github.com/raoptimus/kodrun/cmd/kodrun/main.go:471.31,477.16 5 0
github.com/raoptimus/kodrun/cmd/kodrun/main.go:477.16,482.4 4 0
github.com/raoptimus/kodrun/cmd/kodrun/main.go:484.3,485.36 2 0
github.com/raoptimus/kodrun/cmd/kodrun/main.go:485.36,490.19 3 0
github.com/raoptimus/kodrun/cmd/kodrun/main.go:491.19,493.23 2 0
github.com/raoptimus/kodrun/cmd/kodrun/main.go:493.23,495.6 1 0
github.com/raoptimus/kodrun/cmd/kodrun/main.go:496.5,497.61 2 0
github.com/raoptimus/kodrun/cmd/kodrun/main.go:497.61,499.6 1 0
github.com/raoptimus/kodrun/cmd/kodrun/main.go:500.5,501.11 2 0
github.com/raoptimus/kodrun/cmd/kodrun/main.go:502.16,503.28 1 0
github.com/raoptimus/kodrun/cmd/kodrun/main.go:503.28,506.6 2 0
github.com/raoptimus/kodrun/cmd/kodrun/main.go:506.11,510.6 3 0
github.com/raoptimus/kodrun/cmd/kodrun/main.go:511.5,512.11 2 0
github.com/raoptimus/kodrun/cmd/kodrun/main.go:513.17,520.11 7 0
github.com/raoptimus/kodrun/cmd/kodrun/main.go:521.16,524.23 3 0
github.com/raoptimus/kodrun/cmd/kodrun/main.go:524.23,526.6 1 0
github.com/raoptimus/kodrun/cmd/kodrun/main.go:527.5,528.19 2 0
github.com/raoptimus/kodrun/cmd/kodrun/main.go:528.19,530.6 1 0
github.com/raoptimus/kodrun/cmd/kodrun/main.go:530.11,530.32 1 0
github.com/raoptimus/kodrun/cmd/kodrun/main.go:530.32,532.6 1 0
github.com/raoptimus/kodrun/cmd/kodrun/main.go:532.11,534.6 1 0
github.com/raoptimus/kodrun/cmd/kodrun/main.go:535.5,536.11 2 0
github.com/raoptimus/kodrun/cmd/kodrun/main.go:537.18,539.19 2 0
github.com/raoptimus/kodrun/cmd/kodrun/main.go:539.19,541.6 1 0
github.com/raoptimus/kodrun/cmd/kodrun/main.go:541.11,546.6 4 0
github.com/raoptimus/kodrun/cmd/kodrun/main.go:547.5,548.11 2 0
github.com/raoptimus/kodrun/cmd/kodrun/main.go:549.20,551.42 2 0
github.com/raoptimus/kodrun/cmd/kodrun/main.go:551.42,553.6 1 0
github.com/raoptimus/kodrun/cmd/kodrun/main.go:553.11,556.34 3 0
github.com/raoptimus/kodrun/cmd/kodrun/main.go:556.34,558.7 1 0
github.com/raoptimus/kodrun/cmd/kodrun/main.go:559.6,559.69 1 0
github.com/raoptimus/kodrun/cmd/kodrun/main.go:561.5,562.11 2 0
github.com/raoptimus/kodrun/cmd/kodrun/main.go:563.19,564.24 1 0
github.com/raoptimus/kodrun/cmd/kodrun/main.go:564.24,567.6 2 0
github.com/raoptimus/kodrun/cmd/kodrun/main.go:567.11,567.53 1 0
github.com/raoptimus/kodrun/cmd/kodrun/main.go:567.53,570.6 2 0
github.com/raoptimus/kodrun/cmd/kodrun/main.go:570.11,572.35 2 0
github.com/raoptimus/kodrun/cmd/kodrun/main.go:572.35,574.20 2 0
github.com/raoptimus/kodrun/cmd/kodrun/main.go:574.20,578.8 1 0
github.com/raoptimus/kodrun/cmd/kodrun/main.go:586.7,586.46 1 0
github.com/raoptimus/kodrun/cmd/kodrun/main.go:586.46,590.8 3 0
github.com/raoptimus/kodrun/cmd/kodrun/main.go:591.7,591.53 1 0
github.com/raoptimus/kodrun/cmd/kodrun/main.go:591.53,595.8 3 0
github.com/raoptimus/kodrun/cmd/kodrun/main.go:598.7,606.46 2 0
github.com/raoptimus/kodrun/cmd/kodrun/main.go:606.46,610.8 3 0
github.com/raoptimus/kodrun/cmd/kodrun/main.go:614.7,616.50 2 0
github.com/raoptimus/kodrun/cmd/kodrun/main.go:616.50,624.8 1 0
github.com/raoptimus/kodrun/cmd/kodrun/main.go:626.7,626.43 1 0
github.com/raoptimus/kodrun/cmd/kodrun/main.go:626.43,632.8 1 0
github.com/raoptimus/kodrun/cmd/kodrun/main.go:634.7,634.61 1 0
github.com/raoptimus/kodrun/cmd/kodrun/main.go:634.61,639.8 1 0
github.com/raoptimus/kodrun/cmd/kodrun/main.go:642.7,643.57 2 0
github.com/raoptimus/kodrun/cmd/kodrun/main.go:643.57,650.8 1 0
github.com/raoptimus/kodrun/cmd/kodrun/main.go:652.7,653.21 2 0
github.com/raoptimus/kodrun/cmd/kodrun/main.go:653.21,657.8 3 0
github.com/raoptimus/kodrun/cmd/kodrun/main.go:658.7,658.45 1 0
github.com/raoptimus/kodrun/cmd/kodrun/main.go:658.45,662.8 3 0
github.com/raoptimus/kodrun/cmd/kodrun/main.go:663.7,664.47 2 0
github.com/raoptimus/kodrun/cmd/kodrun/main.go:667.5,667.11 1 0
github.com/raoptimus/kodrun/cmd/kodrun/main.go:668.15,669.24 1 0
github.com/raoptimus/kodrun/cmd/kodrun/main.go:669.24,671.6 1 0
github.com/raoptimus/kodrun/cmd/kodrun/main.go:671.11,674.6 1 0
github.com/raoptimus/kodrun/cmd/kodrun/main.go:675.5,676.11 2 0
github.com/raoptimus/kodrun/cmd/kodrun/main.go:677.19,678.24 1 0
github.com/raoptimus/kodrun/cmd/kodrun/main.go:678.24,682.6 3 0
github.com/raoptimus/kodrun/cmd/kodrun/main.go:683.5,684.23 2 0
github.com/raoptimus/kodrun/cmd/kodrun/main.go:684.23,686.6 1 0
github.com/raoptimus/kodrun/cmd/kodrun/main.go:687.5,687.22 1 0
github.com/raoptimus/kodrun/cmd/kodrun/main.go:687.22,691.6 3 0
github.com/raoptimus/kodrun/cmd/kodrun/main.go:692.5,692.33 1 0
github.com/raoptimus/kodrun/cmd/kodrun/main.go:692.33,694.6 1 0
github.com/raoptimus/kodrun/cmd/kodrun/main.go:695.5,696.34 2 0
github.com/raoptimus/kodrun/cmd/kodrun/main.go:696.34,698.20 2 0
github.com/raoptimus/kodrun/cmd/kodrun/main.go:698.20,702.7 3 0
github.com/raoptimus/kodrun/cmd/kodrun/main.go:704.6,704.66 1 0
github.com/raoptimus/kodrun/cmd/kodrun/main.go:704.66,705.29 1 0
github.com/raoptimus/kodrun/cmd/kodrun/main.go:705.29,707.8 1 0
github.com/raoptimus/kodrun/cmd/kodrun/main.go:709.6,710.20 2 0
github.com/raoptimus/kodrun/cmd/kodrun/main.go:710.20,714.7 3 0
github.com/raoptimus/kodrun/cmd/kodrun/main.go:715.6,715.44 1 0
github.com/raoptimus/kodrun/cmd/kodrun/main.go:715.44,719.7 3 0
github.com/raoptimus/kodrun/cmd/kodrun/main.go:720.6,721.46 2 0
github.com/raoptimus/kodrun/cmd/kodrun/main.go:723.5,723.11 1 0
github.com/raoptimus/kodrun/cmd/kodrun/main.go:724.16,727.19 3 0
github.com/raoptimus/kodrun/cmd/kodrun/main.go:727.19,729.6 1 0
github.com/raoptimus/kodrun/cmd/kodrun/main.go:729.11,730.39 1 0
github.com/raoptimus/kodrun/cmd/kodrun/main.go:730.39,732.7 1 0
github.com/raoptimus/kodrun/cmd/kodrun/main.go:733.6,733.113 1 0
github.com/raoptimus/kodrun/cmd/kodrun/main.go:735.5,736.11 2 0
github.com/raoptimus/kodrun/cmd/kodrun/main.go:737.23,738.24 1 0
github.com/raoptimus/kodrun/cmd/kodrun/main.go:738.24,741.6 2 0
github.com/raoptimus/kodrun/cmd/kodrun/main.go:742.5,744.23 3 0
github.com/raoptimus/kodrun/cmd/kodrun/main.go:744.23,747.40 2 0
github.com/raoptimus/kodrun/cmd/kodrun/main.go:747.40,749.49 2 0
github.com/raoptimus/kodrun/cmd/kodrun/main.go:749.49,752.16 3 0
github.com/raoptimus/kodrun/cmd/kodrun/main.go:754.7,754.45 1 0
github.com/raoptimus/kodrun/cmd/kodrun/main.go:754.45,756.16 2 0
github.com/raoptimus/kodrun/cmd/kodrun/main.go:758.7,758.37 1 0
github.com/raoptimus/kodrun/cmd/kodrun/main.go:761.5,761.27 1 0
github.com/raoptimus/kodrun/cmd/kodrun/main.go:761.27,763.6 1 0
github.com/raoptimus/kodrun/cmd/kodrun/main.go:763.11,765.6 1 0
github.com/raoptimus/kodrun/cmd/kodrun/main.go:766.5,767.19 2 0
github.com/raoptimus/kodrun/cmd/kodrun/main.go:767.19,771.6 3 0
github.com/raoptimus/kodrun/cmd/kodrun/main.go:772.5,772.27 1 0
github.com/raoptimus/kodrun/cmd/kodrun/main.go:772.27,774.6 1 0
github.com/raoptimus/kodrun/cmd/kodrun/main.go:775.5,775.41 1 0
github.com/raoptimus/kodrun/cmd/kodrun/main.go:775.41,776.28 1 0
github.com/raoptimus/kodrun/cmd/kodrun/main.go:776.28,778.7 1 0
github.com/raoptimus/kodrun/cmd/kodrun/main.go:778.12,780.7 1 0
github.com/raoptimus/kodrun/cmd/kodrun/main.go:781.6,782.12 2 0
github.com/raoptimus/kodrun/cmd/kodrun/main.go:784.5,792.15 3 0
github.com/raoptimus/kodrun/cmd/kodrun/main.go:792.15,802.38 3 0
github.com/raoptimus/kodrun/cmd/kodrun/main.go:802.38,803.29 1 0
github.com/raoptimus/kodrun/cmd/kodrun/main.go:803.29,805.8 1 0
github.com/raoptimus/kodrun/cmd/kodrun/main.go:806.7,807.51 2 0
github.com/raoptimus/kodrun/cmd/kodrun/main.go:809.6,809.31 1 0
github.com/raoptimus/kodrun/cmd/kodrun/main.go:809.31,812.7 1 0
github.com/raoptimus/kodrun/cmd/kodrun/main.go:813.6,814.53 2 0
github.com/raoptimus/kodrun/cmd/kodrun/main.go:822.11,829.44 2 0
github.com/raoptimus/kodrun/cmd/kodrun/main.go:829.44,830.150 1 0
github.com/raoptimus/kodrun/cmd/kodrun/main.go:830.150,832.8 1 0
github.com/raoptimus/kodrun/cmd/kodrun/main.go:845.4,845.58 1 0
github.com/raoptimus/kodrun/cmd/kodrun/main.go:845.58,848.59 3 0
github.com/raoptimus/kodrun/cmd/kodrun/main.go:848.59,849.35 1 0
github.com/raoptimus/kodrun/cmd/kodrun/main.go:849.35,851.7 1 0
github.com/raoptimus/kodrun/cmd/kodrun/main.go:852.6,852.13 1 0
github.com/raoptimus/kodrun/cmd/kodrun/main.go:854.5,855.92 2 0
github.com/raoptimus/kodrun/cmd/kodrun/main.go:855.92,857.6 1 0
github.com/raoptimus/kodrun/cmd/kodrun/main.go:858.5,858.25 1 0
github.com/raoptimus/kodrun/cmd/kodrun/main.go:858.25,860.6 1 0
github.com/raoptimus/kodrun/cmd/kodrun/main.go:861.5,861.11 1 0
github.com/raoptimus/kodrun/cmd/kodrun/main.go:864.4,864.32 1 0
github.com/raoptimus/kodrun/cmd/kodrun/main.go:864.32,866.23 2 0
github.com/raoptimus/kodrun/cmd/kodrun/main.go:866.23,868.6 1 0
github.com/raoptimus/kodrun/cmd/kodrun/main.go:869.5,871.43 3 0
github.com/raoptimus/kodrun/cmd/kodrun/main.go:871.43,874.6 2 0
github.com/raoptimus/kodrun/cmd/kodrun/main.go:875.5,875.11 1 0
github.com/raoptimus/kodrun/cmd/kodrun/main.go:878.4,878.49 1 0
github.com/raoptimus/kodrun/cmd/kodrun/main.go:878.49,880.23 2 0
github.com/raoptimus/kodrun/cmd/kodrun/main.go:880.23,882.6 1 0
github.com/raoptimus/kodrun/cmd/kodrun/main.go:887.3,887.60 1 0
github.com/raoptimus/kodrun/cmd/kodrun/main.go:887.60,889.58 2 0
github.com/raoptimus/kodrun/cmd/kodrun/main.go:889.58,890.34 1 0
github.com/raoptimus/kodrun/cmd/kodrun/main.go:890.34,892.6 1 0
github.com/raoptimus/kodrun/cmd/kodrun/main.go:893.5,893.12 1 0
github.com/raoptimus/kodrun/cmd/kodrun/main.go:895.4,896.74 2 0
github.com/raoptimus/kodrun/cmd/kodrun/main.go:896.74,898.5 1 0
github.com/raoptimus/kodrun/cmd/kodrun/main.go:900.4,900.24 1 0
github.com/raoptimus/kodrun/cmd/kodrun/main.go:900.24,902.5 1 0
github.com/raoptimus/kodrun/cmd/kodrun/main.go:903.4,903.10 1 0
github.com/raoptimus/kodrun/cmd/kodrun/main.go:906.3,907.17 2 0
github.com/raoptimus/kodrun/cmd/kodrun/main.go:907.17,910.28 1 0
github.com/raoptimus/kodrun/cmd/kodrun/main.go:910.28,913.5 1 0
github.com/raoptimus/kodrun/cmd/kodrun/main.go:913.10,916.5 2 0
github.com/raoptimus/kodrun/cmd/kodrun/main.go:917.4,917.10 1 0
github.com/raoptimus/kodrun/cmd/kodrun/main.go:920.3,920.57 1 0
github.com/raoptimus/kodrun/cmd/kodrun/main.go:920.57,923.4 1 0
github.com/raoptimus/kodrun/cmd/kodrun/main.go:928.3,928.60 1 0
github.com/raoptimus/kodrun/cmd/kodrun/main.go:928.60,930.4 1 0
github.com/raoptimus/kodrun/cmd/kodrun/main.go:932.3,933.44 2 0
github.com/raoptimus/kodrun/cmd/kodrun/main.go:933.44,935.4 1 0
github.com/raoptimus/kodrun/cmd/kodrun/main.go:939.3,942.91 4 0
github.com/raoptimus/kodrun/cmd/kodrun/main.go:942.91,945.4 2 0
github.com/raoptimus/kodrun/cmd/kodrun/main.go:947.3,950.25 2 0
github.com/raoptimus/kodrun/cmd/kodrun/main.go:950.25,952.4 1 0
github.com/raoptimus/kodrun/cmd/kodrun/main.go:954.3,954.65 1 0
github.com/raoptimus/kodrun/cmd/kodrun/main.go:954.65,956.4 1 0
github.com/raoptimus/kodrun/cmd/kodrun/main.go:959.3,959.80 1 0
github.com/raoptimus/kodrun/cmd/kodrun/main.go:959.80,961.4 1 0
github.com/raoptimus/kodrun/cmd/kodrun/main.go:964.3,965.20 2 0
github.com/raoptimus/kodrun/cmd/kodrun/main.go:966.23,968.10 2 0
github.com/raoptimus/kodrun/cmd/kodrun/main.go:969.26,972.10 2 0
github.com/raoptimus/kodrun/cmd/kodrun/main.go:973.54,975.44 2 0
github.com/raoptimus/kodrun/cmd/kodrun/main.go:975.44,977.5 1 0
github.com/raoptimus/kodrun/cmd/kodrun/main.go:978.4,980.101 3 0
github.com/raoptimus/kodrun/cmd/kodrun/main.go:980.101,982.5 1 0
github.com/raoptimus/kodrun/cmd/kodrun/main.go:986.2,986.49 1 0
github.com/raoptimus/kodrun/cmd/kodrun/main.go:986.49,987.83 1 0
github.com/raoptimus/kodrun/cmd/kodrun/main.go:987.83,989.4 1 0
github.com/raoptimus/kodrun/cmd/kodrun/main.go:989.9,992.4 2 0
github.com/raoptimus/kodrun/cmd/kodrun/main.go:995.2,995.29 1 0
github.com/raoptimus/kodrun/cmd/kodrun/main.go:995.29,997.3 1 0
github.com/raoptimus/kodrun/cmd/kodrun/main.go:999.2,1005.68 3 0
github.com/raoptimus/kodrun/cmd/kodrun/main.go:1005.68,1007.3 1 0
github.com/raoptimus/kodrun/cmd/kodrun/main.go:1009.2,1010.35 2 0
github.com/raoptimus/kodrun/cmd/kodrun/main.go:1010.35,1012.3 1 0
github.com/raoptimus/kodrun/cmd/kodrun/main.go:1015.2,1018.19 2 0
github.com/raoptimus/kodrun/cmd/kodrun/main.go:1018.19,1020.3 1 0
github.com/raoptimus/kodrun/cmd/kodrun/main.go:1022.2,1023.12 2 0
github.com/raoptimus/kodrun/cmd/kodrun/main.go:1023.12,1026.3 2 0
github.com/raoptimus/kodrun/cmd/kodrun/main.go:1028.2,1028.9 1 0
github.com/raoptimus/kodrun/cmd/kodrun/main.go:1029.18,1029.18 0 0
github.com/raoptimus/kodrun/cmd/kodrun/main.go:1030.37,1031.54 1 0
github.com/raoptimus/kodrun/cmd/kodrun/main.go:1034.2,1036.12 2 0
github.com/raoptimus/kodrun/cmd/kodrun/main.go:1039.64,1060.27 4 0
github.com/raoptimus/kodrun/cmd/kodrun/main.go:1060.27,1066.3 1 0
github.com/raoptimus/kodrun/cmd/kodrun/main.go:1067.2,1067.40 1 0
github.com/raoptimus/kodrun/cmd/kodrun/main.go:1067.40,1069.3 1 0
github.com/raoptimus/kodrun/cmd/kodrun/main.go:1070.2,1070.14 1 0
github.com/raoptimus/kodrun/cmd/kodrun/main.go:1079.64,1087.34 8 0
github.com/raoptimus/kodrun/cmd/kodrun/main.go:1087.34,1089.32 2 0
github.com/raoptimus/kodrun/cmd/kodrun/main.go:1089.32,1091.4 1 0
github.com/raoptimus/kodrun/cmd/kodrun/main.go:1093.2,1093.45 1 0
github.com/raoptimus/kodrun/cmd/kodrun/main.go:1097.55,1107.2 9 0
github.com/raoptimus/kodrun/cmd/kodrun/main.go:1110.61,1130.38 16 0
github.com/raoptimus/kodrun/cmd/kodrun/main.go:1130.38,1132.32 2 0
github.com/raoptimus/kodrun/cmd/kodrun/main.go:1132.32,1134.4 1 0
github.com/raoptimus/kodrun/cmd/kodrun/main.go:1137.2,1140.16 3 0
github.com/raoptimus/kodrun/cmd/kodrun/main.go:1140.16,1142.3 1 0
github.com/raoptimus/kodrun/cmd/kodrun/main.go:1145.2,1146.16 2 0
github.com/raoptimus/kodrun/cmd/kodrun/main.go:1146.16,1150.3 3 0
github.com/raoptimus/kodrun/cmd/kodrun/main.go:1151.2,1152.25 2 0
github.com/raoptimus/kodrun/cmd/kodrun/main.go:1152.25,1155.3 2 0
github.com/raoptimus/kodrun/cmd/kodrun/main.go:1155.8,1157.3 1 0
github.com/raoptimus/kodrun/cmd/kodrun/main.go:1158.2,1160.29 2 0
github.com/raoptimus/kodrun/cmd/kodrun/main.go:1166.94,1170.14 3 0
github.com/raoptimus/kodrun/cmd/kodrun/main.go:1171.26,1172.18 1 0
github.com/raoptimus/kodrun/cmd/kodrun/main.go:1173.30,1174.22 1 0
github.com/raoptimus/kodrun/cmd/kodrun/main.go:1175.28,1176.37 1 0
github.com/raoptimus/kodrun/cmd/kodrun/main.go:1180.2,1188.9 7 0
github.com/raoptimus/kodrun/cmd/kodrun/main.go:1189.25,1190.176 1 0
github.com/raoptimus/kodrun/cmd/kodrun/main.go:1191.23,1192.151 1 0
github.com/raoptimus/kodrun/cmd/kodrun/main.go:1193.10,1194.192 1 0
github.com/raoptimus/kodrun/cmd/kodrun/main.go:1198.2,1199.9 2 0
github.com/raoptimus/kodrun/cmd/kodrun/main.go:1200.28,1201.224 1 0
github.com/raoptimus/kodrun/cmd/kodrun/main.go:1202.23,1203.116 1 0
github.com/raoptimus/kodrun/cmd/kodrun/main.go:1204.10,1205.95 1 0
github.com/raoptimus/kodrun/cmd/kodrun/main.go:1209.2,1213.21 5 0
github.com/raoptimus/kodrun/cmd/kodrun/main.go:1213.21,1215.3 1 0
github.com/raoptimus/kodrun/cmd/kodrun/main.go:1218.2,1229.14 10 0
github.com/raoptimus/kodrun/cmd/kodrun/main.go:1230.26,1237.197 7 0
github.com/raoptimus/kodrun/cmd/kodrun/main.go:1238.30,1243.81 5 0
github.com/raoptimus/kodrun/cmd/kodrun/main.go:1244.28,1248.92 4 0
github.com/raoptimus/kodrun/cmd/kodrun/main.go:1249.10,1250.72 1 0
github.com/raoptimus/kodrun/cmd/kodrun/main.go:1254.2,1283.19 23 0
github.com/raoptimus/kodrun/cmd/kodrun/main.go:1300.64,1306.20 5 0
github.com/raoptimus/kodrun/cmd/kodrun/main.go:1306.20,1308.27 2 0
github.com/raoptimus/kodrun/cmd/kodrun/main.go:1308.27,1312.4 3 0
github.com/raoptimus/kodrun/cmd/kodrun/main.go:1313.3,1313.20 1 0
github.com/raoptimus/kodrun/cmd/kodrun/main.go:1316.2,1316.16 1 0
github.com/raoptimus/kodrun/cmd/kodrun/main.go:1316.16,1320.3 3 0
github.com/raoptimus/kodrun/cmd/kodrun/main.go:1322.2,1328.19 7 0
github.com/raoptimus/kodrun/cmd/kodrun/main.go:1361.42,1363.25 2 0
github.com/raoptimus/kodrun/cmd/kodrun/main.go:1363.25,1365.48 2 0
github.com/raoptimus/kodrun/cmd/kodrun/main.go:1365.48,1367.4 1 0
github.com/raoptimus/kodrun/cmd/kodrun/main.go:1368.3,1368.48 1 0
github.com/raoptimus/kodrun/cmd/kodrun/main.go:1368.48,1370.4 1 0
github.com/raoptimus/kodrun/cmd/kodrun/main.go:1372.2,1372.13 1 0
github.com/raoptimus/kodrun/cmd/kodrun/main.go:1375.161,1376.21 1 0
github.com/raoptimus/kodrun/cmd/kodrun/main.go:1376.21,1378.3 1 0
github.com/raoptimus/kodrun/cmd/kodrun/main.go:1379.2,1379.15 1 0
github.com/raoptimus/kodrun/cmd/kodrun/main.go:1379.15,1381.3 1 0
github.com/raoptimus/kodrun/cmd/kodrun/main.go:1382.2,1382.22 1 0
github.com/raoptimus/kodrun/cmd/kodrun/main.go:1382.22,1384.3 1 0
github.com/raoptimus/kodrun/cmd/kodrun/main.go:1386.2,1391.29 3 0
github.com/raoptimus/kodrun/cmd/kodrun/main.go:1391.29,1393.14 2 0
github.com/raoptimus/kodrun/cmd/kodrun/main.go:1393.14,1395.4 1 0
github.com/raoptimus/kodrun/cmd/kodrun/main.go:1397.2,1397.26 1 0
github.com/raoptimus/kodrun/cmd/kodrun/main.go:1397.26,1400.54 3 0
github.com/raoptimus/kodrun/cmd/kodrun/main.go:1400.54,1402.4 1 0
github.com/raoptimus/kodrun/cmd/kodrun/main.go:1404.2,1422.26 12 0
github.com/raoptimus/kodrun/cmd/kodrun/main.go:1422.26,1423.16 1 0
github.com/raoptimus/kodrun/cmd/kodrun/main.go:1423.16,1424.9 1 0
github.com/raoptimus/kodrun/cmd/kodrun/main.go:1426.3,1427.17 2 0
github.com/raoptimus/kodrun/cmd/kodrun/main.go:1427.17,1428.12 1 0
github.com/raoptimus/kodrun/cmd/kodrun/main.go:1430.3,1430.26 1 0
github.com/raoptimus/kodrun/cmd/kodrun/main.go:1430.26,1432.15 2 0
github.com/raoptimus/kodrun/cmd/kodrun/main.go:1432.15,1433.13 1 0
github.com/raoptimus/kodrun/cmd/kodrun/main.go:1435.4,1439.32 4 0
github.com/raoptimus/kodrun/cmd/kodrun/main.go:1439.32,1441.10 2 0
github.com/raoptimus/kodrun/cmd/kodrun/main.go:1445.2,1445.23 1 0
github.com/raoptimus/kodrun/cmd/kodrun/main.go:1445.23,1447.3 1 0
github.com/raoptimus/kodrun/cmd/kodrun/main.go:1449.2,1462.32 10 0
github.com/raoptimus/kodrun/cmd/kodrun/main.go:1462.32,1463.32 1 0
github.com/raoptimus/kodrun/cmd/kodrun/main.go:1464.15,1465.36 1 0
github.com/raoptimus/kodrun/cmd/kodrun/main.go:1466.15,1467.36 1 0
github.com/raoptimus/kodrun/cmd/kodrun/main.go:1470.2,1470.30 1 0
github.com/raoptimus/kodrun/cmd/kodrun/main.go:1470.30,1471.31 1 0
github.com/raoptimus/kodrun/cmd/kodrun/main.go:1471.31,1472.12 1 0
github.com/raoptimus/kodrun/cmd/kodrun/main.go:1474.3,1476.36 3 0
github.com/raoptimus/kodrun/cmd/kodrun/main.go:1476.36,1478.9 2 0
github.com/raoptimus/kodrun/cmd/kodrun/main.go:1480.3,1480.23 1 0
github.com/raoptimus/kodrun/cmd/kodrun/main.go:1483.2,1483.26 1 0
github.com/raoptimus/kodrun/cmd/kodrun/main.go:1483.26,1484.31 1 0
github.com/raoptimus/kodrun/cmd/kodrun/main.go:1484.31,1485.32 1 0
github.com/raoptimus/kodrun/cmd/kodrun/main.go:1485.32,1486.13 1 0
github.com/raoptimus/kodrun/cmd/kodrun/main.go:1488.4,1490.39 3 0
github.com/raoptimus/kodrun/cmd/kodrun/main.go:1490.39,1491.10 1 0
github.com/raoptimus/kodrun/cmd/kodrun/main.go:1493.4,1493.24 1 0
github.com/raoptimus/kodrun/cmd/kodrun/main.go:1497.2,1497.28 1 0
github.com/raoptimus/kodrun/cmd/kodrun/main.go:1497.28,1500.35 1 0
github.com/raoptimus/kodrun/cmd/kodrun/main.go:1500.35,1501.12 1 0
github.com/raoptimus/kodrun/cmd/kodrun/main.go:1503.3,1505.36 3 0
github.com/raoptimus/kodrun/cmd/kodrun/main.go:1505.36,1507.9 2 0
github.com/raoptimus/kodrun/cmd/kodrun/main.go:1509.3,1509.23 1 0
github.com/raoptimus/kodrun/cmd/kodrun/main.go:1511.2,1512.19 2 0
github.com/raoptimus/kodrun/cmd/kodrun/main.go:1518.89,1520.22 2 0
github.com/raoptimus/kodrun/cmd/kodrun/main.go:1520.22,1521.23 1 0
github.com/raoptimus/kodrun/cmd/kodrun/main.go:1521.23,1523.4 1 0
github.com/raoptimus/kodrun/cmd/kodrun/main.go:1524.3,1524.33 1 0
github.com/raoptimus/kodrun/cmd/kodrun/main.go:1524.33,1526.4 1 0
github.com/raoptimus/kodrun/cmd/kodrun/main.go:1527.3,1527.10 1 0
github.com/raoptimus/kodrun/cmd/kodrun/main.go:1528.21,1529.10 1 0
github.com/raoptimus/kodrun/cmd/kodrun/main.go:1530.45,1530.45 0 0
github.com/raoptimus/kodrun/cmd/kodrun/main.go:1539.53,1541.31 2 0
github.com/raoptimus/kodrun/cmd/kodrun/main.go:1541.31,1543.3 1 0
github.com/raoptimus/kodrun/cmd/kodrun/main.go:1544.2,1548.34 5 0
github.com/raoptimus/kodrun/cmd/kodrun/main.go:1548.34,1550.45 2 0
github.com/raoptimus/kodrun/cmd/kodrun/main.go:1550.45,1554.87 2 0
github.com/raoptimus/kodrun/cmd/kodrun/main.go:1554.87,1555.44 1 0
github.com/raoptimus/kodrun/cmd/kodrun/main.go:1555.44,1559.11 4 0
github.com/raoptimus/kodrun/cmd/kodrun/main.go:1562.4,1562.75 1 0
github.com/raoptimus/kodrun/cmd/kodrun/main.go:1564.3,1564.11 1 0
github.com/raoptimus/kodrun/cmd/kodrun/main.go:1564.11,1566.4 1 0
github.com/raoptimus/kodrun/cmd/kodrun/main.go:1568.2,1568.32 1 0
github.com/raoptimus/kodrun/cmd/kodrun/main.go:1577.49,1578.16 1 0
github.com/raoptimus/kodrun/cmd/kodrun/main.go:1578.16,1580.3 1 0
github.com/raoptimus/kodrun/cmd/kodrun/main.go:1581.2,1584.34 4 0
github.com/raoptimus/kodrun/cmd/kodrun/main.go:1584.34,1586.45 2 0
github.com/raoptimus/kodrun/cmd/kodrun/main.go:1586.45,1588.87 2 0
github.com/raoptimus/kodrun/cmd/kodrun/main.go:1588.87,1589.44 1 0
github.com/raoptimus/kodrun/cmd/kodrun/main.go:1589.44,1593.11 4 0
github.com/raoptimus/kodrun/cmd/kodrun/main.go:1596.4,1596.33 1 0
github.com/raoptimus/kodrun/cmd/kodrun/main.go:1598.3,1598.11 1 0
github.com/raoptimus/kodrun/cmd/kodrun/main.go:1598.11,1600.4 1 0
github.com/raoptimus/kodrun/cmd/kodrun/main.go:1602.2,1602.32 1 0
github.com/raoptimus/kodrun/cmd/kodrun/main.go:1609.41,1610.39 1 0
github.com/raoptimus/kodrun/cmd/kodrun/main.go:1610.39,1612.3 1 0
github.com/raoptimus/kodrun/cmd/kodrun/main.go:1614.2,1618.33 2 0
github.com/raoptimus/kodrun/cmd/kodrun/main.go:1618.33,1619.33 1 0
github.com/raoptimus/kodrun/cmd/kodrun/main.go:1619.33,1621.4 1 0
github.com/raoptimus/kodrun/cmd/kodrun/main.go:1623.2,1631.47 3 0
github.com/raoptimus/kodrun/cmd/kodrun/main.go:1631.47,1633.3 1 0
github.com/raoptimus/kodrun/cmd/kodrun/main.go:1634.2,1634.21 1 0
github.com/raoptimus/kodrun/cmd/kodrun/main.go:1634.21,1636.3 1 0
github.com/raoptimus/kodrun/cmd/kodrun/main.go:1638.2,1646.32 2 0
github.com/raoptimus/kodrun/cmd/kodrun/main.go:1646.32,1647.35 1 0
github.com/raoptimus/kodrun/cmd/kodrun/main.go:1647.35,1649.4 1 0
github.com/raoptimus/kodrun/cmd/kodrun/main.go:1651.2,1651.14 1 0
github.com/raoptimus/kodrun/cmd/kodrun/main.go:1656.49,1659.49 3 0
github.com/raoptimus/kodrun/cmd/kodrun/main.go:1659.49,1660.39 1 0
github.com/raoptimus/kodrun/cmd/kodrun/main.go:1660.39,1661.12 1 0
github.com/raoptimus/kodrun/cmd/kodrun/main.go:1663.3,1666.45 4 0
github.com/raoptimus/kodrun/cmd/kodrun/main.go:1666.45,1667.12 1 0
github.com/raoptimus/kodrun/cmd/kodrun/main.go:1669.3,1670.27 2 0
github.com/raoptimus/kodrun/cmd/kodrun/main.go:1672.2,1672.14 1 0
github.com/raoptimus/kodrun/cmd/kodrun/main.go:1675.403,1687.90 6 0
github.com/raoptimus/kodrun/cmd/kodrun/main.go:1687.90,1691.3 3 0
github.com/raoptimus/kodrun/cmd/kodrun/main.go:1695.2,1700.38 2 0
github.com/raoptimus/kodrun/cmd/kodrun/main.go:1700.38,1704.3 3 0
github.com/raoptimus/kodrun/cmd/kodrun/main.go:1709.2,1711.39 3 0
github.com/raoptimus/kodrun/cmd/kodrun/main.go:1711.39,1715.3 1 0
github.com/raoptimus/kodrun/cmd/kodrun/main.go:1717.2,1746.4 1 0
github.com/raoptimus/kodrun/cmd/kodrun/main.go:1749.30,1753.61 1 0
github.com/raoptimus/kodrun/cmd/kodrun/main.go:1753.61,1755.4 1 0
github.com/raoptimus/kodrun/cmd/kodrun/main.go:1759.29,1763.61 1 0
github.com/raoptimus/kodrun/cmd/kodrun/main.go:1763.61,1765.4 1 0
github.com/raoptimus/kodrun/cmd/kodrun/main.go:1769.29,1773.61 1 0
github.com/raoptimus/kodrun/cmd/kodrun/main.go:1773.61,1775.4 1 0
github.com/raoptimus/kodrun/cmd/kodrun/main.go:1779.28,1783.59 1 0
github.com/raoptimus/kodrun/cmd/kodrun/main.go:1783.59,1784.23 1 0
github.com/raoptimus/kodrun/cmd/kodrun/main.go:1784.23,1786.5 1 0
github.com/raoptimus/kodrun/cmd/kodrun/main.go:1787.4,1788.18 2 0
github.com/raoptimus/kodrun/cmd/kodrun/main.go:1788.18,1790.5 1 0
github.com/raoptimus/kodrun/cmd/kodrun/main.go:1791.4,1794.21 4 0
github.com/raoptimus/kodrun/cmd/kodrun/main.go:1794.21,1796.5 1 0
github.com/raoptimus/kodrun/cmd/kodrun/main.go:1798.4,1803.41 5 0
github.com/raoptimus/kodrun/cmd/kodrun/main.go:1808.29,1812.59 1 0
github.com/raoptimus/kodrun/cmd/kodrun/main.go:1812.59,1814.18 2 0
github.com/raoptimus/kodrun/cmd/kodrun/main.go:1814.18,1816.5 1 0
github.com/raoptimus/kodrun/cmd/kodrun/main.go:1817.4,1821.18 5 0
github.com/raoptimus/kodrun/cmd/kodrun/main.go:1821.18,1823.5 1 0
github.com/raoptimus/kodrun/cmd/kodrun/main.go:1824.4,1824.37 1 0
github.com/raoptimus/kodrun/cmd/kodrun/main.go:1824.37,1826.5 1 0
github.com/raoptimus/kodrun/cmd/kodrun/main.go:1827.4,1828.14 2 0
github.com/raoptimus/kodrun/cmd/kodrun/main.go:1833.53,1835.30 2 0
github.com/raoptimus/kodrun/cmd/kodrun/main.go:1835.30,1839.20 4 0
github.com/raoptimus/kodrun/cmd/kodrun/main.go:1839.20,1842.4 2 0
github.com/raoptimus/kodrun/cmd/kodrun/main.go:1843.3,1843.36 1 0
github.com/raoptimus/kodrun/cmd/kodrun/main.go:1843.36,1845.4 1 0
github.com/raoptimus/kodrun/cmd/kodrun/main.go:1846.3,1846.27 1 0
github.com/raoptimus/kodrun/cmd/kodrun/main.go:1846.27,1848.4 1 0
github.com/raoptimus/kodrun/cmd/kodrun/main.go:1850.2,1851.19 2 0
github.com/raoptimus/kodrun/cmd/kodrun/main.go:1854.54,1856.16 2 0
github.com/raoptimus/kodrun/cmd/kodrun/main.go:1856.16,1858.3 1 0
github.com/raoptimus/kodrun/cmd/kodrun/main.go:1860.2,1864.19 4 0
github.com/raoptimus/kodrun/cmd/kodrun/main.go:1864.19,1866.3 1 0
github.com/raoptimus/kodrun/cmd/kodrun/main.go:1868.2,1872.19 4 0
github.com/raoptimus/kodrun/cmd/kodrun/main.go:1872.19,1874.3 1 0
github.com/raoptimus/kodrun/cmd/kodrun/main.go:1876.2,1877.16 2 0
github.com/raoptimus/kodrun/cmd/kodrun/main.go:1877.16,1879.3 1 0
github.com/raoptimus/kodrun/cmd/kodrun/main.go:1881.2,1883.58 2 0
github.com/raoptimus/kodrun/cmd/kodrun/main.go:1883.58,1888.74 5 0
github.com/raoptimus/kodrun/cmd/kodrun/main.go:1888.74,1890.4 1 0
github.com/raoptimus/kodrun/cmd/kodrun/main.go:1891.3,1891.17 1 0
github.com/raoptimus/kodrun/cmd/kodrun/main.go:1891.17,1893.4 1 0
github.com/raoptimus/kodrun/cmd/kodrun/main.go:1894.3,1894.12 1 0
github.com/raoptimus/kodrun/cmd/kodrun/main.go:1894.12,1896.4 1 0
github.com/raoptimus/kodrun/cmd/kodrun/main.go:1896.9,1898.4 1 0
github.com/raoptimus/kodrun/cmd/kodrun/main.go:1901.2,1901.21 1 0
github.com/raoptimus/kodrun/cmd/kodrun/main.go:1901.21,1903.3 1 0
github.com/raoptimus/kodrun/cmd/kodrun/main.go:1904.2,1904.12 1 0
github.com/raoptimus/kodrun/cmd/kodrun/main.go:1912.45,1913.56 1 0
github.com/raoptimus/kodrun/cmd/kodrun/main.go:1913.56,1915.3 1 0
github.com/raoptimus/kodrun/internal/kodruninit/init.go:27.101,29.47 2 0
github.com/raoptimus/kodrun/internal/kodruninit/init.go:29.47,31.3 1 0
github.com/raoptimus/kodrun/internal/kodruninit/init.go:33.2,42.25 3 0
github.com/raoptimus/kodrun/internal/kodruninit/init.go:42.25,44.42 2 0
github.com/raoptimus/kodrun/internal/kodruninit/init.go:44.42,45.12 1 0
github.com/raoptimus/kodrun/internal/kodruninit/init.go:47.3,47.50 1 0
github.com/raoptimus/kodrun/internal/kodruninit/init.go:47.50,49.4 1 0
github.com/raoptimus/kodrun/internal/kodruninit/init.go:50.3,50.43 1 0
github.com/raoptimus/kodrun/internal/kodruninit/init.go:54.2,60.34 2 0
github.com/raoptimus/kodrun/internal/kodruninit/init.go:60.34,62.17 2 0
github.com/raoptimus/kodrun/internal/kodruninit/init.go:62.17,64.4 1 0
github.com/raoptimus/kodrun/internal/kodruninit/init.go:65.3,65.48 1 0
github.com/raoptimus/kodrun/internal/kodruninit/init.go:69.2,70.58 2 0
github.com/raoptimus/kodrun/internal/kodruninit/init.go:70.58,71.101 1 0
github.com/raoptimus/kodrun/internal/kodruninit/init.go:71.101,73.4 1 0
github.com/raoptimus/kodrun/internal/kodruninit/init.go:74.3,74.58 1 0
github.com/raoptimus/kodrun/internal/kodruninit/init.go:78.2,79.16 2 0
github.com/raoptimus/kodrun/internal/kodruninit/init.go:79.16,81.3 1 0
github.com/raoptimus/kodrun/internal/kodruninit/init.go:82.2,82.79 1 0
github.com/raoptimus/kodrun/internal/kodruninit/init.go:82.79,84.3 1 0
github.com/raoptimus/kodrun/internal/kodruninit/init.go:85.2,88.17 3 0
github.com/raoptimus/kodrun/internal/kodruninit/init.go:92.113,116.16 4 0
github.com/raoptimus/kodrun/internal/kodruninit/init.go:116.16,118.3 1 0
github.com/raoptimus/kodrun/internal/kodruninit/init.go:120.2,121.19 2 0
github.com/raoptimus/kodrun/internal/kodruninit/init.go:121.19,123.3 1 0
github.com/raoptimus/kodrun/internal/kodruninit/init.go:125.2,125.28 1 0
github.com/raoptimus/kodrun/internal/kodruninit/init.go:129.72,133.76 2 0
github.com/raoptimus/kodrun/internal/kodruninit/init.go:133.76,137.3 3 0
github.com/raoptimus/kodrun/internal/kodruninit/init.go:140.2,140.78 1 0
github.com/raoptimus/kodrun/internal/kodruninit/init.go:140.78,144.3 3 0
github.com/raoptimus/kodrun/internal/kodruninit/init.go:147.2,147.79 1 0
github.com/raoptimus/kodrun/internal/kodruninit/init.go:147.79,150.23 2 0
github.com/raoptimus/kodrun/internal/kodruninit/init.go:150.23,152.4 1 0
github.com/raoptimus/kodrun/internal/kodruninit/init.go:153.3,154.24 2 0
github.com/raoptimus/kodrun/internal/kodruninit/init.go:158.2,164.30 5 0
github.com/raoptimus/kodrun/internal/kodruninit/init.go:164.30,166.17 2 0
github.com/raoptimus/kodrun/internal/kodruninit/init.go:166.17,167.12 1 0
github.com/raoptimus/kodrun/internal/kodruninit/init.go:169.3,170.23 2 0
github.com/raoptimus/kodrun/internal/kodruninit/init.go:170.23,172.4 1 0
github.com/raoptimus/kodrun/internal/kodruninit/init.go:173.3,175.24 3 0
github.com/raoptimus/kodrun/internal/kodruninit/init.go:178.2,178.19 1 0
github.com/raoptimus/kodrun/internal/kodruninit/init.go:182.65,186.82 3 0
github.com/raoptimus/kodrun/internal/kodruninit/init.go:186.82,187.17 1 0
github.com/raoptimus/kodrun/internal/kodruninit/init.go:187.17,189.4 1 0
github.com/raoptimus/kodrun/internal/kodruninit/init.go:190.3,190.16 1 0
github.com/raoptimus/kodrun/internal/kodruninit/init.go:190.16,192.89 2 0
github.com/raoptimus/kodrun/internal/kodruninit/init.go:192.89,194.5 1 0
github.com/raoptimus/kodrun/internal/kodruninit/init.go:195.4,195.14 1 0
github.com/raoptimus/kodrun/internal/kodruninit/init.go:198.3,198.29 1 0
github.com/raoptimus/kodrun/internal/kodruninit/init.go:198.29,200.4 1 0
github.com/raoptimus/kodrun/internal/kodruninit/init.go:202.3,202.34 1 0
github.com/raoptimus/kodrun/internal/kodruninit/init.go:202.34,204.4 1 0
github.com/raoptimus/kodrun/internal/kodruninit/init.go:205.3,205.42 1 0
github.com/raoptimus/kodrun/internal/kodruninit/init.go:205.42,207.4 1 0
github.com/raoptimus/kodrun/internal/kodruninit/init.go:209.3,213.17 3 0
github.com/raoptimus/kodrun/internal/kodruninit/init.go:213.17,215.4 1 0
github.com/raoptimus/kodrun/internal/kodruninit/init.go:217.3,217.13 1 0
github.com/raoptimus/kodrun/internal/kodruninit/init.go:220.2,220.14 1 0
github.com/raoptimus/kodrun/internal/kodruninit/init.go:223.58,227.82 3 0
github.com/raoptimus/kodrun/internal/kodruninit/init.go:227.82,228.17 1 0
github.com/raoptimus/kodrun/internal/kodruninit/init.go:228.17,230.4 1 0
github.com/raoptimus/kodrun/internal/kodruninit/init.go:231.3,232.17 2 0
github.com/raoptimus/kodrun/internal/kodruninit/init.go:232.17,234.4 1 0
github.com/raoptimus/kodrun/internal/kodruninit/init.go:236.3,237.16 2 0
github.com/raoptimus/kodrun/internal/kodruninit/init.go:237.16,238.11 1 0
github.com/raoptimus/kodrun/internal/kodruninit/init.go:239.70,240.28 1 0
github.com/raoptimus/kodrun/internal/kodruninit/init.go:241.59,242.28 1 0
github.com/raoptimus/kodrun/internal/kodruninit/init.go:246.3,248.16 2 0
github.com/raoptimus/kodrun/internal/kodruninit/init.go:248.16,249.17 1 0
github.com/raoptimus/kodrun/internal/kodruninit/init.go:249.17,251.5 1 0
github.com/raoptimus/kodrun/internal/kodruninit/init.go:252.4,252.18 1 0
github.com/raoptimus/kodrun/internal/kodruninit/init.go:252.18,256.5 3 0
github.com/raoptimus/kodrun/internal/kodruninit/init.go:257.9,257.24 1 0
github.com/raoptimus/kodrun/internal/kodruninit/init.go:257.24,260.4 2 0
github.com/raoptimus/kodrun/internal/kodruninit/init.go:262.3,262.13 1 0
github.com/raoptimus/kodrun/internal/kodruninit/init.go:265.2,265.21 1 0
github.com/raoptimus/kodrun/internal/kodruninit/init.go:265.21,267.3 1 0
github.com/raoptimus/kodrun/internal/kodruninit/init.go:268.2,268.41 1 0
github.com/raoptimus/kodrun/internal/kodruninit/init.go:273.87,275.16 2 0
github.com/raoptimus/kodrun/internal/kodruninit/init.go:275.16,277.3 1 0
github.com/raoptimus/kodrun/internal/kodruninit/init.go:279.2,280.32 2 0
github.com/raoptimus/kodrun/internal/kodruninit/init.go:280.32,281.59 1 0
github.com/raoptimus/kodrun/internal/kodruninit/init.go:281.59,282.12 1 0
github.com/raoptimus/kodrun/internal/kodruninit/init.go:284.3,285.46 2 0
github.com/raoptimus/kodrun/internal/kodruninit/init.go:285.46,286.12 1 0
github.com/raoptimus/kodrun/internal/kodruninit/init.go:288.3,289.17 2 0
github.com/raoptimus/kodrun/internal/kodruninit/init.go:289.17,290.12 1 0
github.com/raoptimus/kodrun/internal/kodruninit/init.go:292.3,292.61 1 0
github.com/raoptimus/kodrun/internal/kodruninit/init.go:292.61,294.4 1 0
github.com/raoptimus/kodrun/internal/kodruninit/init.go:295.3,295.54 1 0
github.com/raoptimus/kodrun/internal/kodruninit/init.go:298.2,298.21 1 0
github.com/raoptimus/kodrun/internal/agent/agent.go:35.31,36.19 1 0
github.com/raoptimus/kodrun/internal/agent/agent.go:36.19,38.3 1 0
github.com/raoptimus/kodrun/internal/agent/agent.go:39.2,39.15 1 0
github.com/raoptimus/kodrun/internal/agent/agent.go:130.32,132.2 1 1
github.com/raoptimus/kodrun/internal/agent/agent.go:134.82,135.16 1 1
github.com/raoptimus/kodrun/internal/agent/agent.go:136.13,137.17 1 1
github.com/raoptimus/kodrun/internal/agent/agent.go:138.16,139.20 1 0
github.com/raoptimus/kodrun/internal/agent/agent.go:140.16,141.19 1 0
github.com/raoptimus/kodrun/internal/agent/agent.go:142.16,143.19 1 0
github.com/raoptimus/kodrun/internal/agent/agent.go:145.2,147.16 3 1
github.com/raoptimus/kodrun/internal/agent/agent.go:147.16,149.3 1 1
github.com/raoptimus/kodrun/internal/agent/agent.go:152.89,155.18 3 2
github.com/raoptimus/kodrun/internal/agent/agent.go:155.18,158.3 2 0
github.com/raoptimus/kodrun/internal/agent/agent.go:159.2,159.35 1 2
github.com/raoptimus/kodrun/internal/agent/agent.go:159.35,161.3 1 0
github.com/raoptimus/kodrun/internal/agent/agent.go:164.46,165.26 1 1
github.com/raoptimus/kodrun/internal/agent/agent.go:165.26,167.3 1 1
github.com/raoptimus/kodrun/internal/agent/agent.go:168.2,168.49 1 0
github.com/raoptimus/kodrun/internal/agent/agent.go:269.121,279.2 1 4
github.com/raoptimus/kodrun/internal/agent/agent.go:282.49,284.2 1 3
github.com/raoptimus/kodrun/internal/agent/agent.go:288.48,290.2 1 4
github.com/raoptimus/kodrun/internal/agent/agent.go:293.46,295.2 1 0
github.com/raoptimus/kodrun/internal/agent/agent.go:298.43,300.2 1 0
github.com/raoptimus/kodrun/internal/agent/agent.go:303.42,305.2 1 3
github.com/raoptimus/kodrun/internal/agent/agent.go:308.46,310.2 1 3
github.com/raoptimus/kodrun/internal/agent/agent.go:317.44,319.2 1 3
github.com/raoptimus/kodrun/internal/agent/agent.go:325.39,327.2 1 0
github.com/raoptimus/kodrun/internal/agent/agent.go:330.36,330.53 1 3
github.com/raoptimus/kodrun/internal/agent/agent.go:333.40,335.2 1 3
github.com/raoptimus/kodrun/internal/agent/agent.go:338.35,340.2 1 3
github.com/raoptimus/kodrun/internal/agent/agent.go:343.52,345.2 1 0
github.com/raoptimus/kodrun/internal/agent/agent.go:349.57,351.2 1 0
github.com/raoptimus/kodrun/internal/agent/agent.go:356.56,358.2 1 0
github.com/raoptimus/kodrun/internal/agent/agent.go:361.52,363.2 1 0
github.com/raoptimus/kodrun/internal/agent/agent.go:367.48,369.2 1 0
github.com/raoptimus/kodrun/internal/agent/agent.go:372.34,374.2 1 0
github.com/raoptimus/kodrun/internal/agent/agent.go:377.42,379.2 1 3
github.com/raoptimus/kodrun/internal/agent/agent.go:383.43,386.2 2 0
github.com/raoptimus/kodrun/internal/agent/agent.go:390.37,392.2 1 0
github.com/raoptimus/kodrun/internal/agent/agent.go:400.53,401.21 1 3
github.com/raoptimus/kodrun/internal/agent/agent.go:401.21,404.3 2 1
github.com/raoptimus/kodrun/internal/agent/agent.go:405.2,406.26 2 2
github.com/raoptimus/kodrun/internal/agent/agent.go:406.26,408.14 2 3
github.com/raoptimus/kodrun/internal/agent/agent.go:408.14,409.12 1 0
github.com/raoptimus/kodrun/internal/agent/agent.go:411.3,411.20 1 3
github.com/raoptimus/kodrun/internal/agent/agent.go:413.2,413.24 1 2
github.com/raoptimus/kodrun/internal/agent/agent.go:418.47,419.31 1 4
github.com/raoptimus/kodrun/internal/agent/agent.go:419.31,421.3 1 1
github.com/raoptimus/kodrun/internal/agent/agent.go:422.2,422.16 1 3
github.com/raoptimus/kodrun/internal/agent/agent.go:422.16,424.3 1 0
github.com/raoptimus/kodrun/internal/agent/agent.go:425.2,425.43 1 3
github.com/raoptimus/kodrun/internal/agent/agent.go:425.43,427.3 1 2
github.com/raoptimus/kodrun/internal/agent/agent.go:430.2,431.43 2 1
github.com/raoptimus/kodrun/internal/agent/agent.go:431.43,433.3 1 0
github.com/raoptimus/kodrun/internal/agent/agent.go:434.2,434.14 1 1
github.com/raoptimus/kodrun/internal/agent/agent.go:438.56,439.32 1 0
github.com/raoptimus/kodrun/internal/agent/agent.go:439.32,441.3 1 0
github.com/raoptimus/kodrun/internal/agent/agent.go:442.2,442.39 1 0
github.com/raoptimus/kodrun/internal/agent/agent.go:446.57,447.33 1 0
github.com/raoptimus/kodrun/internal/agent/agent.go:447.33,449.3 1 0
github.com/raoptimus/kodrun/internal/agent/agent.go:450.2,450.40 1 0
github.com/raoptimus/kodrun/internal/agent/agent.go:455.47,456.28 1 3
github.com/raoptimus/kodrun/internal/agent/agent.go:456.28,458.3 1 3
github.com/raoptimus/kodrun/internal/agent/agent.go:459.2,459.26 1 3
github.com/raoptimus/kodrun/internal/agent/agent.go:459.26,461.3 1 3
github.com/raoptimus/kodrun/internal/agent/agent.go:465.36,467.2 1 4
github.com/raoptimus/kodrun/internal/agent/agent.go:470.29,472.2 1 3
github.com/raoptimus/kodrun/internal/agent/agent.go:475.38,477.2 1 3
github.com/raoptimus/kodrun/internal/agent/agent.go:480.30,482.2 1 3
github.com/raoptimus/kodrun/internal/agent/agent.go:485.39,487.2 1 0
github.com/raoptimus/kodrun/internal/agent/agent.go:490.35,492.2 1 0
github.com/raoptimus/kodrun/internal/agent/agent.go:498.47,499.43 1 0
github.com/raoptimus/kodrun/internal/agent/agent.go:499.43,500.39 1 0
github.com/raoptimus/kodrun/internal/agent/agent.go:500.39,502.4 1 0
github.com/raoptimus/kodrun/internal/agent/agent.go:504.2,504.11 1 0
github.com/raoptimus/kodrun/internal/agent/agent.go:509.37,518.2 5 0
github.com/raoptimus/kodrun/internal/agent/agent.go:521.43,523.23 2 0
github.com/raoptimus/kodrun/internal/agent/agent.go:523.23,525.3 1 0
github.com/raoptimus/kodrun/internal/agent/agent.go:529.36,531.2 1 0
github.com/raoptimus/kodrun/internal/agent/agent.go:534.45,538.16 3 0
github.com/raoptimus/kodrun/internal/agent/agent.go:539.14,540.20 1 0
github.com/raoptimus/kodrun/internal/agent/agent.go:541.10,542.20 1 0
github.com/raoptimus/kodrun/internal/agent/agent.go:545.2,548.26 4 0
github.com/raoptimus/kodrun/internal/agent/agent.go:552.28,553.24 1 1
github.com/raoptimus/kodrun/internal/agent/agent.go:553.24,555.3 1 1
github.com/raoptimus/kodrun/internal/agent/agent.go:557.2,570.16 3 0
github.com/raoptimus/kodrun/internal/agent/agent.go:570.16,572.3 1 0
github.com/raoptimus/kodrun/internal/agent/agent.go:572.8,574.3 1 0
github.com/raoptimus/kodrun/internal/agent/agent.go:576.2,576.59 1 0
github.com/raoptimus/kodrun/internal/agent/agent.go:576.59,578.3 1 0
github.com/raoptimus/kodrun/internal/agent/agent.go:581.31,582.22 1 7
github.com/raoptimus/kodrun/internal/agent/agent.go:582.22,584.3 1 7
github.com/raoptimus/kodrun/internal/agent/agent.go:588.2,588.40 1 0
github.com/raoptimus/kodrun/internal/agent/agent.go:588.40,590.3 1 0
github.com/raoptimus/kodrun/internal/agent/agent.go:591.2,591.14 1 0
github.com/raoptimus/kodrun/internal/agent/agent.go:595.42,609.2 8 1
github.com/raoptimus/kodrun/internal/agent/agent.go:613.53,621.2 5 0
github.com/raoptimus/kodrun/internal/agent/agent.go:624.32,631.2 4 0
github.com/raoptimus/kodrun/internal/agent/agent.go:635.73,636.21 1 0
github.com/raoptimus/kodrun/internal/agent/agent.go:636.21,638.3 1 0
github.com/raoptimus/kodrun/internal/agent/agent.go:640.2,643.16 3 0
github.com/raoptimus/kodrun/internal/agent/agent.go:643.16,645.3 1 0
github.com/raoptimus/kodrun/internal/agent/agent.go:646.2,657.12 4 0
github.com/raoptimus/kodrun/internal/agent/agent.go:661.44,665.2 3 0
github.com/raoptimus/kodrun/internal/agent/agent.go:668.38,670.2 1 0
github.com/raoptimus/kodrun/internal/agent/agent.go:673.50,674.21 1 0
github.com/raoptimus/kodrun/internal/agent/agent.go:674.21,676.3 1 0
github.com/raoptimus/kodrun/internal/agent/agent.go:677.2,677.28 1 0
github.com/raoptimus/kodrun/internal/agent/agent.go:683.42,684.24 1 1
github.com/raoptimus/kodrun/internal/agent/agent.go:684.24,686.3 1 1
github.com/raoptimus/kodrun/internal/agent/agent.go:687.2,688.49 2 0
github.com/raoptimus/kodrun/internal/agent/agent.go:688.49,690.3 1 0
github.com/raoptimus/kodrun/internal/agent/agent.go:691.2,692.124 2 0
github.com/raoptimus/kodrun/internal/agent/agent.go:696.62,699.35 3 1
github.com/raoptimus/kodrun/internal/agent/agent.go:699.35,700.86 1 0
github.com/raoptimus/kodrun/internal/agent/agent.go:700.86,702.4 1 0
github.com/raoptimus/kodrun/internal/agent/agent.go:704.2,704.50 1 1
github.com/raoptimus/kodrun/internal/agent/agent.go:704.50,707.3 2 1
github.com/raoptimus/kodrun/internal/agent/agent.go:708.2,718.23 6 1
github.com/raoptimus/kodrun/internal/agent/agent.go:718.23,720.3 1 0
github.com/raoptimus/kodrun/internal/agent/agent.go:722.2,723.22 2 1
github.com/raoptimus/kodrun/internal/agent/agent.go:723.22,724.23 1 2
github.com/raoptimus/kodrun/internal/agent/agent.go:724.23,726.4 1 0
github.com/raoptimus/kodrun/internal/agent/agent.go:727.3,731.89 3 2
github.com/raoptimus/kodrun/internal/agent/agent.go:731.89,733.21 2 0
github.com/raoptimus/kodrun/internal/agent/agent.go:733.21,734.46 1 0
github.com/raoptimus/kodrun/internal/agent/agent.go:734.46,736.6 1 0
github.com/raoptimus/kodrun/internal/agent/agent.go:741.3,741.22 1 2
github.com/raoptimus/kodrun/internal/agent/agent.go:741.22,744.63 3 2
github.com/raoptimus/kodrun/internal/agent/agent.go:744.63,753.5 3 0
github.com/raoptimus/kodrun/internal/agent/agent.go:753.10,753.25 1 2
github.com/raoptimus/kodrun/internal/agent/agent.go:753.25,755.5 1 2
github.com/raoptimus/kodrun/internal/agent/agent.go:758.3,762.23 2 2
github.com/raoptimus/kodrun/internal/agent/agent.go:762.23,764.4 1 0
github.com/raoptimus/kodrun/internal/agent/agent.go:765.3,773.17 3 2
github.com/raoptimus/kodrun/internal/agent/agent.go:773.17,776.4 2 0
github.com/raoptimus/kodrun/internal/agent/agent.go:779.3,779.31 1 2
github.com/raoptimus/kodrun/internal/agent/agent.go:779.31,781.4 1 2
github.com/raoptimus/kodrun/internal/agent/agent.go:784.3,784.53 1 2
github.com/raoptimus/kodrun/internal/agent/agent.go:784.53,786.29 2 2
github.com/raoptimus/kodrun/internal/agent/agent.go:786.29,788.5 1 0
github.com/raoptimus/kodrun/internal/agent/agent.go:789.4,798.25 3 2
github.com/raoptimus/kodrun/internal/agent/agent.go:798.25,800.5 1 2
github.com/raoptimus/kodrun/internal/agent/agent.go:801.4,801.80 1 2
github.com/raoptimus/kodrun/internal/agent/agent.go:805.3,813.31 3 2
github.com/raoptimus/kodrun/internal/agent/agent.go:813.31,819.97 1 1
github.com/raoptimus/kodrun/internal/agent/agent.go:819.97,826.13 4 0
github.com/raoptimus/kodrun/internal/agent/agent.go:828.4,828.26 1 1
github.com/raoptimus/kodrun/internal/agent/agent.go:828.26,829.27 1 0
github.com/raoptimus/kodrun/internal/agent/agent.go:829.27,831.6 1 0
github.com/raoptimus/kodrun/internal/agent/agent.go:832.5,835.41 3 0
github.com/raoptimus/kodrun/internal/agent/agent.go:835.41,837.6 1 0
github.com/raoptimus/kodrun/internal/agent/agent.go:838.10,838.33 1 1
github.com/raoptimus/kodrun/internal/agent/agent.go:838.33,840.38 2 1
github.com/raoptimus/kodrun/internal/agent/agent.go:840.38,842.6 1 0
github.com/raoptimus/kodrun/internal/agent/agent.go:844.4,847.14 4 1
github.com/raoptimus/kodrun/internal/agent/agent.go:851.3,853.37 3 1
github.com/raoptimus/kodrun/internal/agent/agent.go:853.37,854.42 1 1
github.com/raoptimus/kodrun/internal/agent/agent.go:854.42,856.5 1 0
github.com/raoptimus/kodrun/internal/agent/agent.go:856.10,858.5 1 1
github.com/raoptimus/kodrun/internal/agent/agent.go:862.3,862.29 1 1
github.com/raoptimus/kodrun/internal/agent/agent.go:862.29,864.4 1 0
github.com/raoptimus/kodrun/internal/agent/agent.go:867.3,869.38 3 1
github.com/raoptimus/kodrun/internal/agent/agent.go:869.38,872.41 1 1
github.com/raoptimus/kodrun/internal/agent/agent.go:872.41,879.13 3 0
github.com/raoptimus/kodrun/internal/agent/agent.go:881.4,887.62 4 1
github.com/raoptimus/kodrun/internal/agent/agent.go:887.62,889.33 2 1
github.com/raoptimus/kodrun/internal/agent/agent.go:889.33,892.23 3 1
github.com/raoptimus/kodrun/internal/agent/agent.go:893.23,900.15 3 0
github.com/raoptimus/kodrun/internal/agent/agent.go:901.28,901.28 0 1
github.com/raoptimus/kodrun/internal/agent/agent.go:903.31,904.33 1 0
github.com/raoptimus/kodrun/internal/agent/agent.go:905.26,912.23 3 0
github.com/raoptimus/kodrun/internal/agent/agent.go:914.6,914.19 1 1
github.com/raoptimus/kodrun/internal/agent/agent.go:914.19,915.12 1 0
github.com/raoptimus/kodrun/internal/agent/agent.go:920.4,920.28 1 1
github.com/raoptimus/kodrun/internal/agent/agent.go:926.3,926.44 1 1
github.com/raoptimus/kodrun/internal/agent/agent.go:926.44,928.67 2 0
github.com/raoptimus/kodrun/internal/agent/agent.go:928.67,933.41 4 0
github.com/raoptimus/kodrun/internal/agent/agent.go:933.41,935.6 1 0
github.com/raoptimus/kodrun/internal/agent/agent.go:936.5,939.15 4 0
github.com/raoptimus/kodrun/internal/agent/agent.go:941.9,943.4 1 1
github.com/raoptimus/kodrun/internal/agent/agent.go:945.3,946.16 2 1
github.com/raoptimus/kodrun/internal/agent/agent.go:946.16,948.53 2 0
github.com/raoptimus/kodrun/internal/agent/agent.go:948.53,950.5 1 0
github.com/raoptimus/kodrun/internal/agent/agent.go:951.4,956.6 1 0
github.com/raoptimus/kodrun/internal/agent/agent.go:958.3,962.16 4 1
github.com/raoptimus/kodrun/internal/agent/agent.go:962.16,963.12 1 0
github.com/raoptimus/kodrun/internal/agent/agent.go:967.3,967.47 1 1
github.com/raoptimus/kodrun/internal/agent/agent.go:967.47,969.4 1 0
github.com/raoptimus/kodrun/internal/agent/agent.go:973.2,973.24 1 0
github.com/raoptimus/kodrun/internal/agent/agent.go:973.24,974.26 1 0
github.com/raoptimus/kodrun/internal/agent/agent.go:974.26,976.4 1 0
github.com/raoptimus/kodrun/internal/agent/agent.go:977.3,977.46 1 0
github.com/raoptimus/kodrun/internal/agent/agent.go:977.46,981.4 1 0
github.com/raoptimus/kodrun/internal/agent/agent.go:984.2,987.43 4 0
github.com/raoptimus/kodrun/internal/agent/agent.go:991.74,994.2 2 1
github.com/raoptimus/kodrun/internal/agent/agent.go:996.52,997.21 1 2
github.com/raoptimus/kodrun/internal/agent/agent.go:997.21,999.3 1 0
github.com/raoptimus/kodrun/internal/agent/agent.go:1000.2,1001.24 2 2
github.com/raoptimus/kodrun/internal/agent/agent.go:1001.24,1003.3 1 2
github.com/raoptimus/kodrun/internal/agent/agent.go:1003.8,1005.3 1 0
github.com/raoptimus/kodrun/internal/agent/agent.go:1006.2,1006.31 1 2
github.com/raoptimus/kodrun/internal/agent/agent.go:1006.31,1008.3 1 2
github.com/raoptimus/kodrun/internal/agent/agent.go:1009.2,1010.25 2 0
github.com/raoptimus/kodrun/internal/agent/agent.go:1010.25,1011.40 1 0
github.com/raoptimus/kodrun/internal/agent/agent.go:1011.40,1013.4 1 0
github.com/raoptimus/kodrun/internal/agent/agent.go:1015.2,1015.17 1 0
github.com/raoptimus/kodrun/internal/agent/agent.go:1021.49,1023.2 1 0
github.com/raoptimus/kodrun/internal/agent/agent.go:1027.54,1028.43 1 1
github.com/raoptimus/kodrun/internal/agent/agent.go:1028.43,1030.3 1 1
github.com/raoptimus/kodrun/internal/agent/agent.go:1031.2,1031.98 1 0
github.com/raoptimus/kodrun/internal/agent/agent.go:1036.79,1039.27 3 0
github.com/raoptimus/kodrun/internal/agent/agent.go:1039.27,1044.66 5 0
github.com/raoptimus/kodrun/internal/agent/agent.go:1044.66,1045.26 1 0
github.com/raoptimus/kodrun/internal/agent/agent.go:1045.26,1047.5 1 0
github.com/raoptimus/kodrun/internal/agent/agent.go:1048.4,1048.41 1 0
github.com/raoptimus/kodrun/internal/agent/agent.go:1052.2,1054.29 2 0
github.com/raoptimus/kodrun/internal/agent/agent.go:1054.29,1056.20 2 0
github.com/raoptimus/kodrun/internal/agent/agent.go:1056.20,1063.12 3 0
github.com/raoptimus/kodrun/internal/agent/agent.go:1065.3,1065.34 1 0
github.com/raoptimus/kodrun/internal/agent/agent.go:1072.74,1073.31 1 1
github.com/raoptimus/kodrun/internal/agent/agent.go:1073.31,1075.3 1 1
github.com/raoptimus/kodrun/internal/agent/agent.go:1076.2,1078.14 2 0
github.com/raoptimus/kodrun/internal/agent/agent.go:1079.53,1079.53 0 0
github.com/raoptimus/kodrun/internal/agent/agent.go:1080.10,1081.13 1 0
github.com/raoptimus/kodrun/internal/agent/agent.go:1084.2,1085.57 2 0
github.com/raoptimus/kodrun/internal/agent/agent.go:1085.57,1087.3 1 0
github.com/raoptimus/kodrun/internal/agent/agent.go:1087.8,1087.64 1 0
github.com/raoptimus/kodrun/internal/agent/agent.go:1087.64,1089.3 1 0
github.com/raoptimus/kodrun/internal/agent/agent.go:1090.2,1090.13 1 0
github.com/raoptimus/kodrun/internal/agent/agent.go:1090.13,1092.3 1 0
github.com/raoptimus/kodrun/internal/agent/agent.go:1093.2,1093.22 1 0
github.com/raoptimus/kodrun/internal/agent/agent.go:1093.22,1095.3 1 0
github.com/raoptimus/kodrun/internal/agent/agent.go:1096.2,1102.54 2 0
github.com/raoptimus/kodrun/internal/agent/agent.go:1106.72,1107.53 1 1
github.com/raoptimus/kodrun/internal/agent/agent.go:1107.53,1111.3 3 0
github.com/raoptimus/kodrun/internal/agent/agent.go:1112.2,1113.16 2 1
github.com/raoptimus/kodrun/internal/agent/agent.go:1113.16,1122.3 3 0
github.com/raoptimus/kodrun/internal/agent/agent.go:1123.2,1123.30 1 1
github.com/raoptimus/kodrun/internal/agent/agent.go:1127.77,1130.37 2 1
github.com/raoptimus/kodrun/internal/agent/agent.go:1130.37,1132.19 2 0
github.com/raoptimus/kodrun/internal/agent/agent.go:1132.19,1134.4 1 0
github.com/raoptimus/kodrun/internal/agent/agent.go:1134.9,1134.51 1 0
github.com/raoptimus/kodrun/internal/agent/agent.go:1134.51,1136.4 1 0
github.com/raoptimus/kodrun/internal/agent/agent.go:1139.2,1139.37 1 1
github.com/raoptimus/kodrun/internal/agent/agent.go:1139.37,1140.71 1 0
github.com/raoptimus/kodrun/internal/agent/agent.go:1140.71,1142.22 2 0
github.com/raoptimus/kodrun/internal/agent/agent.go:1142.22,1144.5 1 0
github.com/raoptimus/kodrun/internal/agent/agent.go:1148.2,1149.43 2 1
github.com/raoptimus/kodrun/internal/agent/agent.go:1149.43,1151.3 1 0
github.com/raoptimus/kodrun/internal/agent/agent.go:1152.2,1152.42 1 1
github.com/raoptimus/kodrun/internal/agent/agent.go:1152.42,1154.3 1 0
github.com/raoptimus/kodrun/internal/agent/agent.go:1156.2,1163.24 2 1
github.com/raoptimus/kodrun/internal/agent/agent.go:1163.24,1164.56 1 1
github.com/raoptimus/kodrun/internal/agent/agent.go:1164.56,1166.4 1 0
github.com/raoptimus/kodrun/internal/agent/agent.go:1167.3,1167.50 1 1
github.com/raoptimus/kodrun/internal/agent/agent.go:1167.50,1169.4 1 1
github.com/raoptimus/kodrun/internal/agent/agent.go:1170.3,1170.46 1 1
github.com/raoptimus/kodrun/internal/agent/agent.go:1170.46,1172.4 1 1
github.com/raoptimus/kodrun/internal/agent/agent.go:1173.3,1173.48 1 1
github.com/raoptimus/kodrun/internal/agent/agent.go:1173.48,1175.4 1 1
github.com/raoptimus/kodrun/internal/agent/agent.go:1176.3,1176.48 1 1
github.com/raoptimus/kodrun/internal/agent/agent.go:1176.48,1178.4 1 0
github.com/raoptimus/kodrun/internal/agent/agent.go:1180.2,1183.25 3 1
github.com/raoptimus/kodrun/internal/agent/agent.go:1183.25,1186.3 2 1
github.com/raoptimus/kodrun/internal/agent/agent.go:1188.2,1189.43 2 1
github.com/raoptimus/kodrun/internal/agent/agent.go:1189.43,1191.3 1 0
github.com/raoptimus/kodrun/internal/agent/agent.go:1192.2,1192.45 1 1
github.com/raoptimus/kodrun/internal/agent/agent.go:1192.45,1194.3 1 0
github.com/raoptimus/kodrun/internal/agent/agent.go:1195.2,1199.4 1 1
github.com/raoptimus/kodrun/internal/agent/agent.go:1202.49,1203.21 1 1
github.com/raoptimus/kodrun/internal/agent/agent.go:1203.21,1205.3 1 0
github.com/raoptimus/kodrun/internal/agent/agent.go:1206.2,1206.27 1 1
github.com/raoptimus/kodrun/internal/agent/agent.go:1206.27,1208.3 1 0
github.com/raoptimus/kodrun/internal/agent/agent.go:1209.2,1209.24 1 1
github.com/raoptimus/kodrun/internal/agent/agent.go:1209.24,1211.3 1 1
github.com/raoptimus/kodrun/internal/agent/agent.go:1212.2,1212.60 1 0
github.com/raoptimus/kodrun/internal/agent/agent.go:1215.48,1216.14 1 1
github.com/raoptimus/kodrun/internal/agent/agent.go:1217.96,1218.14 1 1
github.com/raoptimus/kodrun/internal/agent/agent.go:1220.2,1220.34 1 0
github.com/raoptimus/kodrun/internal/agent/agent.go:1226.86,1228.27 2 1
github.com/raoptimus/kodrun/internal/agent/agent.go:1228.27,1231.3 2 1
github.com/raoptimus/kodrun/internal/agent/agent.go:1232.2,1232.14 1 1
github.com/raoptimus/kodrun/internal/agent/agent.go:1233.19,1238.89 5 0
github.com/raoptimus/kodrun/internal/agent/agent.go:1238.89,1239.54 1 0
github.com/raoptimus/kodrun/internal/agent/agent.go:1239.54,1241.42 2 0
github.com/raoptimus/kodrun/internal/agent/agent.go:1241.42,1244.6 2 0
github.com/raoptimus/kodrun/internal/agent/agent.go:1247.3,1247.22 1 0
github.com/raoptimus/kodrun/internal/agent/agent.go:1247.22,1249.4 1 0
github.com/raoptimus/kodrun/internal/agent/agent.go:1250.20,1256.89 6 1
github.com/raoptimus/kodrun/internal/agent/agent.go:1256.89,1257.54 1 1
github.com/raoptimus/kodrun/internal/agent/agent.go:1257.54,1260.5 2 0
github.com/raoptimus/kodrun/internal/agent/agent.go:1262.3,1262.14 1 1
github.com/raoptimus/kodrun/internal/agent/agent.go:1262.14,1264.4 1 0
github.com/raoptimus/kodrun/internal/agent/agent.go:1264.9,1266.4 1 1
github.com/raoptimus/kodrun/internal/agent/agent.go:1267.21,1269.20 2 0
github.com/raoptimus/kodrun/internal/agent/agent.go:1270.19,1274.16 4 0
github.com/raoptimus/kodrun/internal/agent/agent.go:1275.14,1278.43 3 0
github.com/raoptimus/kodrun/internal/agent/agent.go:1279.20,1280.46 1 0
github.com/raoptimus/kodrun/internal/agent/agent.go:1280.46,1282.4 1 0
github.com/raoptimus/kodrun/internal/agent/agent.go:1283.19,1284.44 1 0
github.com/raoptimus/kodrun/internal/agent/agent.go:1284.44,1286.4 1 0
github.com/raoptimus/kodrun/internal/agent/agent.go:1287.10,1288.26 1 0
github.com/raoptimus/kodrun/internal/agent/agent.go:1288.26,1290.4 1 0
github.com/raoptimus/kodrun/internal/agent/agent.go:1292.2,1292.10 1 1
github.com/raoptimus/kodrun/internal/agent/agent.go:1295.46,1297.16 2 0
github.com/raoptimus/kodrun/internal/agent/agent.go:1297.16,1299.3 1 0
github.com/raoptimus/kodrun/internal/agent/agent.go:1300.2,1300.10 1 0
github.com/raoptimus/kodrun/internal/agent/agent.go:1303.58,1305.28 2 1
github.com/raoptimus/kodrun/internal/agent/agent.go:1305.28,1307.3 1 1
github.com/raoptimus/kodrun/internal/agent/agent.go:1308.2,1308.105 1 0
github.com/raoptimus/kodrun/internal/agent/agent.go:1311.58,1312.14 1 1
github.com/raoptimus/kodrun/internal/agent/agent.go:1313.101,1314.41 1 1
github.com/raoptimus/kodrun/internal/agent/agent.go:1314.41,1316.4 1 1
github.com/raoptimus/kodrun/internal/agent/agent.go:1317.19,1320.29 3 0
github.com/raoptimus/kodrun/internal/agent/agent.go:1321.14,1324.48 3 0
github.com/raoptimus/kodrun/internal/agent/agent.go:1325.50,1326.56 1 0
github.com/raoptimus/kodrun/internal/agent/agent.go:1326.56,1328.4 1 0
github.com/raoptimus/kodrun/internal/agent/agent.go:1329.3,1329.17 1 0
github.com/raoptimus/kodrun/internal/agent/agent.go:1330.16,1331.56 1 0
github.com/raoptimus/kodrun/internal/agent/agent.go:1331.56,1333.4 1 0
github.com/raoptimus/kodrun/internal/agent/agent.go:1334.3,1334.53 1 0
github.com/raoptimus/kodrun/internal/agent/agent.go:1334.53,1335.19 1 0
github.com/raoptimus/kodrun/internal/agent/agent.go:1335.19,1337.5 1 0
github.com/raoptimus/kodrun/internal/agent/agent.go:1338.4,1338.12 1 0
github.com/raoptimus/kodrun/internal/agent/agent.go:1340.21,1341.53 1 0
github.com/raoptimus/kodrun/internal/agent/agent.go:1341.53,1342.19 1 0
github.com/raoptimus/kodrun/internal/agent/agent.go:1342.19,1344.5 1 0
github.com/raoptimus/kodrun/internal/agent/agent.go:1345.4,1345.12 1 0
github.com/raoptimus/kodrun/internal/agent/agent.go:1347.14,1348.46 1 0
github.com/raoptimus/kodrun/internal/agent/agent.go:1348.46,1349.21 1 0
github.com/raoptimus/kodrun/internal/agent/agent.go:1349.21,1351.5 1 0
github.com/raoptimus/kodrun/internal/agent/agent.go:1352.4,1352.14 1 0
github.com/raoptimus/kodrun/internal/agent/agent.go:1354.18,1355.64 1 0
github.com/raoptimus/kodrun/internal/agent/agent.go:1355.64,1357.4 1 0
github.com/raoptimus/kodrun/internal/agent/agent.go:1358.3,1358.17 1 0
github.com/raoptimus/kodrun/internal/agent/agent.go:1359.20,1360.12 1 0
github.com/raoptimus/kodrun/internal/agent/agent.go:1361.29,1362.52 1 0
github.com/raoptimus/kodrun/internal/agent/agent.go:1362.52,1364.4 1 0
github.com/raoptimus/kodrun/internal/agent/agent.go:1365.3,1365.12 1 0
github.com/raoptimus/kodrun/internal/agent/agent.go:1366.20,1367.59 1 0
github.com/raoptimus/kodrun/internal/agent/agent.go:1367.59,1369.4 1 0
github.com/raoptimus/kodrun/internal/agent/agent.go:1370.3,1370.12 1 0
github.com/raoptimus/kodrun/internal/agent/agent.go:1371.19,1372.40 1 0
github.com/raoptimus/kodrun/internal/agent/agent.go:1372.40,1374.4 1 0
github.com/raoptimus/kodrun/internal/agent/agent.go:1375.18,1376.52 1 0
github.com/raoptimus/kodrun/internal/agent/agent.go:1376.52,1378.4 1 0
github.com/raoptimus/kodrun/internal/agent/agent.go:1381.2,1381.102 1 0
github.com/raoptimus/kodrun/internal/agent/agent.go:1381.102,1382.49 1 0
github.com/raoptimus/kodrun/internal/agent/agent.go:1382.49,1383.19 1 0
github.com/raoptimus/kodrun/internal/agent/agent.go:1383.19,1385.5 1 0
github.com/raoptimus/kodrun/internal/agent/agent.go:1386.4,1386.12 1 0
github.com/raoptimus/kodrun/internal/agent/agent.go:1389.2,1389.11 1 0
github.com/raoptimus/kodrun/internal/agent/agent.go:1392.35,1393.14 1 9
github.com/raoptimus/kodrun/internal/agent/agent.go:1394.12,1395.19 1 2
github.com/raoptimus/kodrun/internal/agent/agent.go:1396.12,1397.19 1 6
github.com/raoptimus/kodrun/internal/agent/agent.go:1398.12,1399.18 1 0
github.com/raoptimus/kodrun/internal/agent/agent.go:1400.12,1401.18 1 0
github.com/raoptimus/kodrun/internal/agent/agent.go:1402.12,1403.19 1 0
github.com/raoptimus/kodrun/internal/agent/agent.go:1404.12,1405.19 1 0
github.com/raoptimus/kodrun/internal/agent/agent.go:1406.12,1407.20 1 0
github.com/raoptimus/kodrun/internal/agent/agent.go:1408.10,1409.19 1 1
github.com/raoptimus/kodrun/internal/agent/agent.go:1410.10,1411.14 1 0
github.com/raoptimus/kodrun/internal/agent/agent.go:1415.44,1422.25 5 1
github.com/raoptimus/kodrun/internal/agent/agent.go:1422.25,1425.3 2 1
github.com/raoptimus/kodrun/internal/agent/agent.go:1427.2,1427.24 1 1
github.com/raoptimus/kodrun/internal/agent/agent.go:1427.24,1448.15 21 0
github.com/raoptimus/kodrun/internal/agent/agent.go:1448.15,1455.4 6 0
github.com/raoptimus/kodrun/internal/agent/agent.go:1455.9,1455.27 1 0
github.com/raoptimus/kodrun/internal/agent/agent.go:1455.27,1461.4 5 0
github.com/raoptimus/kodrun/internal/agent/agent.go:1462.8,1479.15 17 1
github.com/raoptimus/kodrun/internal/agent/agent.go:1479.15,1485.4 5 0
github.com/raoptimus/kodrun/internal/agent/agent.go:1485.9,1485.27 1 1
github.com/raoptimus/kodrun/internal/agent/agent.go:1485.27,1492.4 6 0
github.com/raoptimus/kodrun/internal/agent/agent.go:1493.3,1499.85 7 1
github.com/raoptimus/kodrun/internal/agent/agent.go:1503.2,1503.23 1 1
github.com/raoptimus/kodrun/internal/agent/agent.go:1503.23,1505.3 1 0
github.com/raoptimus/kodrun/internal/agent/agent.go:1507.2,1507.19 1 1
github.com/raoptimus/kodrun/internal/agent/agent.go:1510.46,1514.52 3 1
github.com/raoptimus/kodrun/internal/agent/agent.go:1514.52,1518.3 3 1
github.com/raoptimus/kodrun/internal/agent/agent.go:1520.2,1521.49 2 1
github.com/raoptimus/kodrun/internal/agent/agent.go:1521.49,1525.3 3 0
github.com/raoptimus/kodrun/internal/agent/agent.go:1527.2,1527.19 1 1
github.com/raoptimus/kodrun/internal/agent/agent.go:1530.46,1532.28 2 1
github.com/raoptimus/kodrun/internal/agent/agent.go:1532.28,1534.3 1 1
github.com/raoptimus/kodrun/internal/agent/agent.go:1535.2,1535.41 1 0
github.com/raoptimus/kodrun/internal/agent/agent.go:1542.38,1545.40 2 6
github.com/raoptimus/kodrun/internal/agent/agent.go:1545.40,1546.55 1 18
github.com/raoptimus/kodrun/internal/agent/agent.go:1546.55,1548.4 1 4
github.com/raoptimus/kodrun/internal/agent/agent.go:1551.2,1556.37 2 2
github.com/raoptimus/kodrun/internal/agent/agent.go:1556.37,1557.55 1 12
github.com/raoptimus/kodrun/internal/agent/agent.go:1557.55,1559.4 1 0
github.com/raoptimus/kodrun/internal/agent/agent.go:1563.2,1563.27 1 2
github.com/raoptimus/kodrun/internal/agent/agent.go:1563.27,1565.3 1 1
github.com/raoptimus/kodrun/internal/agent/agent.go:1566.2,1566.11 1 1
github.com/raoptimus/kodrun/internal/agent/agent.go:1570.40,1571.49 1 2
github.com/raoptimus/kodrun/internal/agent/agent.go:1571.49,1574.45 2 3
github.com/raoptimus/kodrun/internal/agent/agent.go:1574.45,1576.4 1 1
github.com/raoptimus/kodrun/internal/agent/agent.go:1578.2,1578.14 1 1
github.com/raoptimus/kodrun/internal/agent/agent.go:1584.42,1589.29 4 9
github.com/raoptimus/kodrun/internal/agent/agent.go:1589.29,1591.20 2 49
github.com/raoptimus/kodrun/internal/agent/agent.go:1591.20,1592.12 1 7
github.com/raoptimus/kodrun/internal/agent/agent.go:1595.3,1597.58 1 42
github.com/raoptimus/kodrun/internal/agent/agent.go:1597.58,1601.12 3 13
github.com/raoptimus/kodrun/internal/agent/agent.go:1604.3,1605.117 1 29
github.com/raoptimus/kodrun/internal/agent/agent.go:1605.117,1608.12 3 20
github.com/raoptimus/kodrun/internal/agent/agent.go:1611.3,1611.52 1 9
github.com/raoptimus/kodrun/internal/agent/agent.go:1611.52,1613.12 2 1
github.com/raoptimus/kodrun/internal/agent/agent.go:1616.3,1616.13 1 8
github.com/raoptimus/kodrun/internal/agent/agent.go:1616.13,1617.9 1 2
github.com/raoptimus/kodrun/internal/agent/agent.go:1620.3,1620.19 1 6
github.com/raoptimus/kodrun/internal/agent/agent.go:1623.2,1623.70 1 9
github.com/raoptimus/kodrun/internal/agent/classifier.go:44.43,50.2 1 1
github.com/raoptimus/kodrun/internal/agent/classifier.go:62.27,63.34 1 0
github.com/raoptimus/kodrun/internal/agent/classifier.go:63.34,65.3 1 0
github.com/raoptimus/kodrun/internal/agent/classifier.go:66.2,66.44 1 0
github.com/raoptimus/kodrun/internal/agent/classifier.go:66.44,68.3 1 0
github.com/raoptimus/kodrun/internal/agent/classifier.go:70.2,70.17 1 0
github.com/raoptimus/kodrun/internal/agent/classifier.go:70.17,74.3 3 0
github.com/raoptimus/kodrun/internal/agent/classifier.go:76.2,91.16 5 0
github.com/raoptimus/kodrun/internal/agent/classifier.go:91.16,93.3 1 0
github.com/raoptimus/kodrun/internal/agent/classifier.go:95.2,96.16 2 0
github.com/raoptimus/kodrun/internal/agent/classifier.go:96.16,98.3 1 0
github.com/raoptimus/kodrun/internal/agent/classifier.go:99.2,99.17 1 0
github.com/raoptimus/kodrun/internal/agent/classifier.go:104.60,106.13 2 8
github.com/raoptimus/kodrun/internal/agent/classifier.go:106.13,108.3 1 1
github.com/raoptimus/kodrun/internal/agent/classifier.go:111.2,111.33 1 7
github.com/raoptimus/kodrun/internal/agent/classifier.go:111.33,115.47 4 1
github.com/raoptimus/kodrun/internal/agent/classifier.go:115.47,117.4 1 1
github.com/raoptimus/kodrun/internal/agent/classifier.go:118.3,118.27 1 1
github.com/raoptimus/kodrun/internal/agent/classifier.go:122.2,124.31 3 7
github.com/raoptimus/kodrun/internal/agent/classifier.go:124.31,126.3 1 2
github.com/raoptimus/kodrun/internal/agent/classifier.go:127.2,130.63 3 5
github.com/raoptimus/kodrun/internal/agent/classifier.go:130.63,132.3 1 0
github.com/raoptimus/kodrun/internal/agent/classifier.go:135.2,135.18 1 5
github.com/raoptimus/kodrun/internal/agent/classifier.go:136.125,136.125 0 4
github.com/raoptimus/kodrun/internal/agent/classifier.go:137.10,138.31 1 1
github.com/raoptimus/kodrun/internal/agent/classifier.go:140.2,140.29 1 5
github.com/raoptimus/kodrun/internal/agent/classifier.go:141.83,141.83 0 5
github.com/raoptimus/kodrun/internal/agent/classifier.go:142.10,143.43 1 0
github.com/raoptimus/kodrun/internal/agent/classifier.go:145.2,145.54 1 5
github.com/raoptimus/kodrun/internal/agent/classifier.go:145.54,147.3 1 3
github.com/raoptimus/kodrun/internal/agent/classifier.go:148.2,148.17 1 5
github.com/raoptimus/kodrun/internal/agent/context.go:22.52,24.2 1 1
github.com/raoptimus/kodrun/internal/agent/context.go:27.92,35.2 1 1
github.com/raoptimus/kodrun/internal/agent/context.go:38.106,40.31 2 2
github.com/raoptimus/kodrun/internal/agent/context.go:40.31,42.3 1 2
github.com/raoptimus/kodrun/internal/agent/context.go:43.2,43.37 1 0
github.com/raoptimus/kodrun/internal/agent/context.go:48.132,50.2 1 0
github.com/raoptimus/kodrun/internal/agent/context.go:52.129,53.47 1 0
github.com/raoptimus/kodrun/internal/agent/context.go:53.47,55.3 1 0
github.com/raoptimus/kodrun/internal/agent/context.go:58.2,64.16 5 0
github.com/raoptimus/kodrun/internal/agent/context.go:64.16,74.3 5 0
github.com/raoptimus/kodrun/internal/agent/context.go:76.2,84.20 5 0
github.com/raoptimus/kodrun/internal/agent/context.go:87.122,89.29 2 0
github.com/raoptimus/kodrun/internal/agent/context.go:89.29,91.3 1 0
github.com/raoptimus/kodrun/internal/agent/context.go:93.2,94.24 2 0
github.com/raoptimus/kodrun/internal/agent/context.go:94.24,96.3 1 0
github.com/raoptimus/kodrun/internal/agent/context.go:97.2,97.23 1 0
github.com/raoptimus/kodrun/internal/agent/context.go:97.23,99.3 1 0
github.com/raoptimus/kodrun/internal/agent/context.go:101.2,111.16 2 0
github.com/raoptimus/kodrun/internal/agent/context.go:111.16,113.3 1 0
github.com/raoptimus/kodrun/internal/agent/context.go:115.2,115.26 1 0
github.com/raoptimus/kodrun/internal/agent/context.go:118.73,120.29 2 6
github.com/raoptimus/kodrun/internal/agent/context.go:120.29,123.3 2 18
github.com/raoptimus/kodrun/internal/agent/context.go:124.2,124.14 1 6
github.com/raoptimus/kodrun/internal/agent/context.go:129.41,130.17 1 18
github.com/raoptimus/kodrun/internal/agent/context.go:130.17,132.3 1 3
github.com/raoptimus/kodrun/internal/agent/context.go:133.2,134.22 2 15
github.com/raoptimus/kodrun/internal/agent/context.go:134.22,136.14 2 13677
github.com/raoptimus/kodrun/internal/agent/context.go:136.14,138.4 1 336
github.com/raoptimus/kodrun/internal/agent/context.go:140.2,140.52 1 15
github.com/raoptimus/kodrun/internal/agent/context.go:140.52,143.3 1 0
github.com/raoptimus/kodrun/internal/agent/context.go:145.2,145.19 1 15
github.com/raoptimus/kodrun/internal/agent/dag.go:23.40,29.28 2 1
github.com/raoptimus/kodrun/internal/agent/dag.go:29.28,33.3 3 4
github.com/raoptimus/kodrun/internal/agent/dag.go:34.2,34.31 1 1
github.com/raoptimus/kodrun/internal/agent/dag.go:34.31,35.35 1 4
github.com/raoptimus/kodrun/internal/agent/dag.go:35.35,36.34 1 4
github.com/raoptimus/kodrun/internal/agent/dag.go:36.34,37.13 1 0
github.com/raoptimus/kodrun/internal/agent/dag.go:39.4,40.55 2 4
github.com/raoptimus/kodrun/internal/agent/dag.go:43.2,43.10 1 1
github.com/raoptimus/kodrun/internal/agent/dag.go:48.38,50.34 2 1
github.com/raoptimus/kodrun/internal/agent/dag.go:50.34,51.15 1 4
github.com/raoptimus/kodrun/internal/agent/dag.go:51.15,53.4 1 1
github.com/raoptimus/kodrun/internal/agent/dag.go:55.2,56.12 2 1
github.com/raoptimus/kodrun/internal/agent/dag.go:61.42,63.41 2 3
github.com/raoptimus/kodrun/internal/agent/dag.go:63.41,65.29 2 4
github.com/raoptimus/kodrun/internal/agent/dag.go:65.29,67.4 1 3
github.com/raoptimus/kodrun/internal/agent/dag.go:69.2,70.19 2 3
github.com/raoptimus/kodrun/internal/agent/dag.go:74.56,75.26 1 0
github.com/raoptimus/kodrun/internal/agent/dag.go:75.26,76.16 1 0
github.com/raoptimus/kodrun/internal/agent/dag.go:76.16,78.4 1 0
github.com/raoptimus/kodrun/internal/agent/dag.go:80.2,80.14 1 0
github.com/raoptimus/kodrun/internal/agent/dag.go:93.36,95.2 1 2
github.com/raoptimus/kodrun/internal/agent/dag.go:97.56,101.31 4 12
github.com/raoptimus/kodrun/internal/agent/dag.go:101.31,103.3 1 9
github.com/raoptimus/kodrun/internal/agent/dag.go:104.2,106.10 3 3
github.com/raoptimus/kodrun/internal/agent/dag.go:111.54,112.21 1 12
github.com/raoptimus/kodrun/internal/agent/dag.go:112.21,113.17 1 0
github.com/raoptimus/kodrun/internal/agent/dag.go:113.18,113.19 0 0
github.com/raoptimus/kodrun/internal/agent/dag.go:115.2,118.27 4 12
github.com/raoptimus/kodrun/internal/agent/dag.go:118.27,122.3 3 12
github.com/raoptimus/kodrun/internal/agent/dag.go:123.2,123.16 1 12
github.com/raoptimus/kodrun/internal/agent/dag.go:123.16,124.42 1 12
github.com/raoptimus/kodrun/internal/agent/dag.go:124.42,126.4 1 12
github.com/raoptimus/kodrun/internal/agent/dag.go:132.46,135.25 3 0
github.com/raoptimus/kodrun/internal/agent/dag.go:135.25,137.3 1 0
github.com/raoptimus/kodrun/internal/agent/dag.go:138.2,138.23 1 0
github.com/raoptimus/kodrun/internal/agent/dag.go:138.23,140.3 1 0
github.com/raoptimus/kodrun/internal/agent/dag.go:141.2,141.26 1 0
github.com/raoptimus/kodrun/internal/agent/dag.go:141.26,143.3 1 0
github.com/raoptimus/kodrun/internal/agent/dag.go:144.2,144.19 1 0
github.com/raoptimus/kodrun/internal/agent/dag.go:153.130,154.21 1 0
github.com/raoptimus/kodrun/internal/agent/dag.go:154.21,156.3 1 0
github.com/raoptimus/kodrun/internal/agent/dag.go:157.2,164.31 4 0
github.com/raoptimus/kodrun/internal/agent/dag.go:164.31,166.3 1 0
github.com/raoptimus/kodrun/internal/agent/dag.go:167.2,167.15 1 0
github.com/raoptimus/kodrun/internal/agent/dag.go:167.15,167.41 1 0
github.com/raoptimus/kodrun/internal/agent/dag.go:169.2,190.28 5 0
github.com/raoptimus/kodrun/internal/agent/dag.go:190.28,193.13 3 0
github.com/raoptimus/kodrun/internal/agent/dag.go:193.13,207.4 7 0
github.com/raoptimus/kodrun/internal/agent/dag.go:213.2,213.35 1 0
github.com/raoptimus/kodrun/internal/agent/dag.go:213.35,214.29 1 0
github.com/raoptimus/kodrun/internal/agent/dag.go:214.29,217.33 3 0
github.com/raoptimus/kodrun/internal/agent/dag.go:218.18,222.16 4 0
github.com/raoptimus/kodrun/internal/agent/dag.go:223.21,226.17 3 0
github.com/raoptimus/kodrun/internal/agent/dag.go:229.3,230.14 2 0
github.com/raoptimus/kodrun/internal/agent/dag.go:234.2,234.27 1 0
github.com/raoptimus/kodrun/internal/agent/dag.go:234.27,235.47 1 0
github.com/raoptimus/kodrun/internal/agent/dag.go:235.47,236.9 1 0
github.com/raoptimus/kodrun/internal/agent/dag.go:238.3,238.23 1 0
github.com/raoptimus/kodrun/internal/agent/dag.go:238.23,239.9 1 0
github.com/raoptimus/kodrun/internal/agent/dag.go:242.2,244.17 2 0
github.com/raoptimus/kodrun/internal/agent/dag.go:244.17,252.40 6 0
github.com/raoptimus/kodrun/internal/agent/dag.go:252.40,255.4 2 0
github.com/raoptimus/kodrun/internal/agent/dag.go:257.3,262.67 4 0
github.com/raoptimus/kodrun/internal/agent/dag.go:262.67,265.26 3 0
github.com/raoptimus/kodrun/internal/agent/dag.go:265.26,266.10 1 0
github.com/raoptimus/kodrun/internal/agent/dag.go:271.2,271.21 1 0
github.com/raoptimus/kodrun/internal/agent/dag.go:271.21,273.3 1 0
github.com/raoptimus/kodrun/internal/agent/dag.go:274.2,274.28 1 0
github.com/raoptimus/kodrun/internal/agent/dag.go:274.28,276.3 1 0
github.com/raoptimus/kodrun/internal/agent/dag.go:277.2,277.20 1 0
github.com/raoptimus/kodrun/internal/agent/dag.go:282.41,292.45 10 0
github.com/raoptimus/kodrun/internal/agent/dag.go:292.45,294.3 1 0
github.com/raoptimus/kodrun/internal/agent/dag.go:295.2,295.66 1 0
github.com/raoptimus/kodrun/internal/agent/display.go:6.42,7.14 1 0
github.com/raoptimus/kodrun/internal/agent/display.go:8.19,9.16 1 0
github.com/raoptimus/kodrun/internal/agent/display.go:10.20,11.17 1 0
github.com/raoptimus/kodrun/internal/agent/display.go:12.19,13.16 1 0
github.com/raoptimus/kodrun/internal/agent/display.go:14.21,15.18 1 0
github.com/raoptimus/kodrun/internal/agent/display.go:16.18,17.19 1 0
github.com/raoptimus/kodrun/internal/agent/display.go:18.20,19.16 1 0
github.com/raoptimus/kodrun/internal/agent/display.go:20.20,21.21 1 0
github.com/raoptimus/kodrun/internal/agent/display.go:22.19,23.16 1 0
github.com/raoptimus/kodrun/internal/agent/display.go:24.14,25.16 1 0
github.com/raoptimus/kodrun/internal/agent/display.go:26.18,27.17 1 0
github.com/raoptimus/kodrun/internal/agent/display.go:28.17,29.16 1 0
github.com/raoptimus/kodrun/internal/agent/display.go:30.17,31.16 1 0
github.com/raoptimus/kodrun/internal/agent/display.go:32.16,33.15 1 0
github.com/raoptimus/kodrun/internal/agent/display.go:34.16,35.17 1 0
github.com/raoptimus/kodrun/internal/agent/display.go:36.22,37.21 1 0
github.com/raoptimus/kodrun/internal/agent/display.go:38.21,39.22 1 0
github.com/raoptimus/kodrun/internal/agent/display.go:40.14,41.16 1 0
github.com/raoptimus/kodrun/internal/agent/display.go:42.18,43.20 1 0
github.com/raoptimus/kodrun/internal/agent/display.go:44.20,45.21 1 0
github.com/raoptimus/kodrun/internal/agent/display.go:46.18,47.19 1 0
github.com/raoptimus/kodrun/internal/agent/display.go:48.17,49.18 1 0
github.com/raoptimus/kodrun/internal/agent/display.go:50.20,51.21 1 0
github.com/raoptimus/kodrun/internal/agent/display.go:52.18,53.19 1 0
github.com/raoptimus/kodrun/internal/agent/display.go:54.10,55.29 1 0
[...]
github.com/raoptimus/kodrun/internal/tui/model.go:1132.3,1132.9 1 0
github.com/raoptimus/kodrun/internal/tui/model.go:1135.2,1137.31 3 0
github.com/raoptimus/kodrun/internal/tui/model.go:1137.31,1138.70 1 0
github.com/raoptimus/kodrun/internal/tui/model.go:1138.70,1140.4 1 0
github.com/raoptimus/kodrun/internal/tui/model.go:1143.2,1144.38 2 0
github.com/raoptimus/kodrun/internal/tui/model.go:1144.38,1146.3 1 0
github.com/raoptimus/kodrun/internal/tui/model.go:1148.2,1148.60 1 0
github.com/raoptimus/kodrun/internal/tui/model.go:1148.60,1150.3 1 0
github.com/raoptimus/kodrun/internal/tui/model.go:1155.38,1157.33 2 30
github.com/raoptimus/kodrun/internal/tui/model.go:1157.33,1159.3 1 0
github.com/raoptimus/kodrun/internal/tui/model.go:1159.8,1159.76 1 30
github.com/raoptimus/kodrun/internal/tui/model.go:1159.76,1162.3 1 0
github.com/raoptimus/kodrun/internal/tui/model.go:1162.8,1162.68 1 30
github.com/raoptimus/kodrun/internal/tui/model.go:1162.68,1165.3 1 7
github.com/raoptimus/kodrun/internal/tui/model.go:1165.8,1167.3 1 23
github.com/raoptimus/kodrun/internal/tui/model.go:1169.2,1170.15 2 30
github.com/raoptimus/kodrun/internal/tui/model.go:1170.15,1172.3 1 0
github.com/raoptimus/kodrun/internal/tui/model.go:1173.2,1173.43 1 30
github.com/raoptimus/kodrun/internal/tui/model.go:1173.43,1176.3 2 0
github.com/raoptimus/kodrun/internal/tui/model.go:1177.2,1177.31 1 30
github.com/raoptimus/kodrun/internal/tui/model.go:1181.31,1184.31 3 18
github.com/raoptimus/kodrun/internal/tui/model.go:1184.31,1187.3 2 2
github.com/raoptimus/kodrun/internal/tui/model.go:1191.34,1192.14 1 14
github.com/raoptimus/kodrun/internal/tui/model.go:1192.14,1194.3 1 0
github.com/raoptimus/kodrun/internal/tui/model.go:1195.2,1197.28 3 14
github.com/raoptimus/kodrun/internal/tui/model.go:1197.28,1200.3 2 14
github.com/raoptimus/kodrun/internal/tui/model.go:1204.54,1206.16 2 0
github.com/raoptimus/kodrun/internal/tui/model.go:1206.16,1208.3 1 0
github.com/raoptimus/kodrun/internal/tui/model.go:1209.2,1211.24 2 0
github.com/raoptimus/kodrun/internal/tui/model.go:1211.24,1215.3 3 0
github.com/raoptimus/kodrun/internal/tui/model.go:1217.2,1218.21 2 0
github.com/raoptimus/kodrun/internal/tui/model.go:1218.21,1220.3 1 0
github.com/raoptimus/kodrun/internal/tui/model.go:1221.2,1222.61 2 0
github.com/raoptimus/kodrun/internal/tui/model.go:1250.58,1255.16 3 0
github.com/raoptimus/kodrun/internal/tui/model.go:1255.16,1257.3 1 0
github.com/raoptimus/kodrun/internal/tui/model.go:1258.2,1258.44 1 0
github.com/raoptimus/kodrun/internal/tui/model.go:1258.44,1259.31 1 0
github.com/raoptimus/kodrun/internal/tui/model.go:1259.31,1261.4 1 0
github.com/raoptimus/kodrun/internal/tui/model.go:1262.3,1262.15 1 0
github.com/raoptimus/kodrun/internal/tui/model.go:1264.2,1266.39 3 0
github.com/raoptimus/kodrun/internal/tui/model.go:1266.39,1268.3 1 0
github.com/raoptimus/kodrun/internal/tui/model.go:1269.2,1269.14 1 0
github.com/raoptimus/kodrun/internal/tui/model.go:1274.44,1284.16 9 0
github.com/raoptimus/kodrun/internal/tui/model.go:1284.16,1285.34 1 0
github.com/raoptimus/kodrun/internal/tui/model.go:1285.34,1286.18 1 0
github.com/raoptimus/kodrun/internal/tui/model.go:1286.18,1287.13 1 0
github.com/raoptimus/kodrun/internal/tui/model.go:1289.4,1289.29 1 0
github.com/raoptimus/kodrun/internal/tui/model.go:1289.29,1291.5 1 0
github.com/raoptimus/kodrun/internal/tui/model.go:1294.2,1295.46 2 0
github.com/raoptimus/kodrun/internal/tui/model.go:1299.45,1300.21 1 0
github.com/raoptimus/kodrun/internal/tui/model.go:1300.21,1302.3 1 0
github.com/raoptimus/kodrun/internal/tui/model.go:1303.2,1314.46 7 0
github.com/raoptimus/kodrun/internal/tui/model.go:1318.53,1320.9 2 0
github.com/raoptimus/kodrun/internal/tui/model.go:1320.9,1322.3 1 0
github.com/raoptimus/kodrun/internal/tui/model.go:1323.2,1325.13 3 0
github.com/raoptimus/kodrun/internal/tui/model.go:1329.39,1330.31 1 0
github.com/raoptimus/kodrun/internal/tui/model.go:1330.31,1332.3 1 0
github.com/raoptimus/kodrun/internal/tui/model.go:1337.36,1341.35 2 0
github.com/raoptimus/kodrun/internal/tui/model.go:1341.35,1343.3 1 0
github.com/raoptimus/kodrun/internal/tui/model.go:1345.2,1346.16 2 0
github.com/raoptimus/kodrun/internal/tui/model.go:1346.16,1350.3 3 0
github.com/raoptimus/kodrun/internal/tui/model.go:1352.2,1352.44 1 0
github.com/raoptimus/kodrun/internal/tui/model.go:1352.44,1354.36 1 0
github.com/raoptimus/kodrun/internal/tui/model.go:1354.36,1356.4 1 0
github.com/raoptimus/kodrun/internal/tui/model.go:1357.8,1361.45 3 0
github.com/raoptimus/kodrun/internal/tui/model.go:1361.45,1363.4 1 0
github.com/raoptimus/kodrun/internal/tui/model.go:1366.2,1367.46 2 0
github.com/raoptimus/kodrun/internal/tui/model.go:1370.40,1376.2 5 16
github.com/raoptimus/kodrun/internal/tui/model.go:1378.37,1381.31 3 92
github.com/raoptimus/kodrun/internal/tui/model.go:1381.31,1384.3 2 0
github.com/raoptimus/kodrun/internal/tui/model.go:1385.2,1385.23 1 92
github.com/raoptimus/kodrun/internal/tui/model.go:1385.23,1387.3 1 92
github.com/raoptimus/kodrun/internal/tui/model.go:1390.47,1393.41 3 0
github.com/raoptimus/kodrun/internal/tui/model.go:1393.41,1396.3 2 0
github.com/raoptimus/kodrun/internal/tui/model.go:1397.2,1397.22 1 0
github.com/raoptimus/kodrun/internal/tui/model.go:1397.22,1399.3 1 0
github.com/raoptimus/kodrun/internal/tui/model.go:1403.32,1404.22 1 0
github.com/raoptimus/kodrun/internal/tui/model.go:1404.22,1406.3 1 0
github.com/raoptimus/kodrun/internal/tui/model.go:1406.8,1408.3 1 0
github.com/raoptimus/kodrun/internal/tui/model.go:1409.2,1409.25 1 0
github.com/raoptimus/kodrun/internal/tui/model.go:1413.36,1414.49 1 0
github.com/raoptimus/kodrun/internal/tui/model.go:1414.49,1416.10 2 0
github.com/raoptimus/kodrun/internal/tui/model.go:1425.35,1426.15 1 0
github.com/raoptimus/kodrun/internal/tui/model.go:1429.3,1430.45 1 0
github.com/raoptimus/kodrun/internal/tui/model.go:1430.45,1432.4 1 0
github.com/raoptimus/kodrun/internal/tui/model.go:1434.2,1434.14 1 0
github.com/raoptimus/kodrun/internal/tui/model.go:1439.66,1440.23 1 0
github.com/raoptimus/kodrun/internal/tui/model.go:1440.23,1442.3 1 0
github.com/raoptimus/kodrun/internal/tui/model.go:1444.2,1444.15 1 0
github.com/raoptimus/kodrun/internal/tui/model.go:1444.15,1447.3 2 0
github.com/raoptimus/kodrun/internal/tui/model.go:1448.2,1448.32 1 0
github.com/raoptimus/kodrun/internal/tui/model.go:1453.41,1457.26 4 0
github.com/raoptimus/kodrun/internal/tui/model.go:1457.26,1458.28 1 0
github.com/raoptimus/kodrun/internal/tui/model.go:1458.28,1460.9 2 0
github.com/raoptimus/kodrun/internal/tui/model.go:1462.3,1462.18 1 0
github.com/raoptimus/kodrun/internal/tui/model.go:1462.18,1463.12 1 0
github.com/raoptimus/kodrun/internal/tui/model.go:1465.3,1466.15 2 0
github.com/raoptimus/kodrun/internal/tui/model.go:1467.12,1468.42 1 0
github.com/raoptimus/kodrun/internal/tui/model.go:1469.12,1470.42 1 0
github.com/raoptimus/kodrun/internal/tui/model.go:1471.12,1472.43 1 0
github.com/raoptimus/kodrun/internal/tui/model.go:1473.11,1474.43 1 0
github.com/raoptimus/kodrun/internal/tui/model.go:1476.3,1477.10 2 0
github.com/raoptimus/kodrun/internal/tui/model.go:1479.2,1480.46 2 0
github.com/raoptimus/kodrun/internal/tui/model.go:1483.34,1485.2 1 16
github.com/raoptimus/kodrun/internal/tui/model.go:1487.65,1488.22 1 122
github.com/raoptimus/kodrun/internal/tui/model.go:1488.22,1490.3 1 0
github.com/raoptimus/kodrun/internal/tui/model.go:1490.8,1492.3 1 122
github.com/raoptimus/kodrun/internal/tui/model.go:1493.2,1493.17 1 122
github.com/raoptimus/kodrun/internal/tui/model.go:1493.17,1495.3 1 106
github.com/raoptimus/kodrun/internal/tui/model.go:1498.44,1500.2 1 2
github.com/raoptimus/kodrun/internal/tui/model.go:1503.30,1504.14 1 1
github.com/raoptimus/kodrun/internal/tui/model.go:1504.14,1506.3 1 0
github.com/raoptimus/kodrun/internal/tui/model.go:1508.2,1509.43 2 1
github.com/raoptimus/kodrun/internal/tui/model.go:1509.43,1511.3 1 0
github.com/raoptimus/kodrun/internal/tui/model.go:1513.2,1516.33 3 1
github.com/raoptimus/kodrun/internal/tui/model.go:1516.33,1518.3 1 0
github.com/raoptimus/kodrun/internal/tui/model.go:1518.8,1518.76 1 1
github.com/raoptimus/kodrun/internal/tui/model.go:1518.76,1520.3 1 0
github.com/raoptimus/kodrun/internal/tui/model.go:1520.8,1520.68 1 1
github.com/raoptimus/kodrun/internal/tui/model.go:1520.68,1522.3 1 1
github.com/raoptimus/kodrun/internal/tui/model.go:1522.8,1524.3 1 0
github.com/raoptimus/kodrun/internal/tui/model.go:1526.2,1527.15 2 1
github.com/raoptimus/kodrun/internal/tui/model.go:1527.15,1530.3 2 0
github.com/raoptimus/kodrun/internal/tui/model.go:1531.2,1531.28 1 1
github.com/raoptimus/kodrun/internal/tui/model.go:1531.28,1534.18 3 0
github.com/raoptimus/kodrun/internal/tui/model.go:1534.18,1536.4 1 0
github.com/raoptimus/kodrun/internal/tui/model.go:1537.3,1541.21 2 0
github.com/raoptimus/kodrun/internal/tui/model.go:1541.21,1543.4 1 0
github.com/raoptimus/kodrun/internal/tui/model.go:1543.9,1545.4 1 0
github.com/raoptimus/kodrun/internal/tui/model.go:1548.2,1557.61 2 1
github.com/raoptimus/kodrun/internal/tui/model.go:1557.61,1559.3 1 0
github.com/raoptimus/kodrun/internal/tui/model.go:1561.2,1561.12 1 1
github.com/raoptimus/kodrun/internal/tui/model.go:1570.37,1581.29 7 4
github.com/raoptimus/kodrun/internal/tui/model.go:1581.29,1585.3 3 5
github.com/raoptimus/kodrun/internal/tui/model.go:1587.2,1587.72 1 4
github.com/raoptimus/kodrun/internal/tui/model.go:1590.39,1592.30 2 1
github.com/raoptimus/kodrun/internal/tui/model.go:1592.30,1594.3 1 0
github.com/raoptimus/kodrun/internal/tui/model.go:1596.2,1601.22 2 1
github.com/raoptimus/kodrun/internal/tui/model.go:1601.22,1603.3 1 0
github.com/raoptimus/kodrun/internal/tui/model.go:1605.2,1605.24 1 1
github.com/raoptimus/kodrun/internal/tui/model.go:1605.24,1607.3 1 0
github.com/raoptimus/kodrun/internal/tui/model.go:1609.2,1610.24 2 1
github.com/raoptimus/kodrun/internal/tui/model.go:1610.24,1612.3 1 0
github.com/raoptimus/kodrun/internal/tui/model.go:1613.2,1615.57 2 1
github.com/raoptimus/kodrun/internal/tui/model.go:1618.40,1620.36 2 0
github.com/raoptimus/kodrun/internal/tui/model.go:1620.36,1622.3 1 0
github.com/raoptimus/kodrun/internal/tui/model.go:1624.2,1625.31 2 0
github.com/raoptimus/kodrun/internal/tui/model.go:1625.31,1628.25 3 0
github.com/raoptimus/kodrun/internal/tui/model.go:1628.25,1630.4 1 0
github.com/raoptimus/kodrun/internal/tui/model.go:1630.9,1632.4 1 0
github.com/raoptimus/kodrun/internal/tui/model.go:1633.3,1633.30 1 0
github.com/raoptimus/kodrun/internal/tui/model.go:1636.2,1637.46 2 0
github.com/raoptimus/kodrun/internal/tui/model.go:1642.43,1646.14 3 1
github.com/raoptimus/kodrun/internal/tui/model.go:1646.14,1648.3 1 0
github.com/raoptimus/kodrun/internal/tui/model.go:1650.2,1653.30 3 1
github.com/raoptimus/kodrun/internal/tui/model.go:1653.30,1656.3 2 1
github.com/raoptimus/kodrun/internal/tui/model.go:1658.2,1658.21 1 1
github.com/raoptimus/kodrun/internal/tui/model.go:1658.21,1661.3 2 0
github.com/raoptimus/kodrun/internal/tui/model.go:1662.2,1663.34 2 1
github.com/raoptimus/kodrun/internal/tui/model.go:1667.81,1671.24 4 0
github.com/raoptimus/kodrun/internal/tui/model.go:1671.24,1672.24 1 0
github.com/raoptimus/kodrun/internal/tui/model.go:1672.24,1674.9 2 0
github.com/raoptimus/kodrun/internal/tui/model.go:1676.3,1676.18 1 0
github.com/raoptimus/kodrun/internal/tui/model.go:1676.18,1677.12 1 0
github.com/raoptimus/kodrun/internal/tui/model.go:1679.3,1680.15 2 0
github.com/raoptimus/kodrun/internal/tui/model.go:1681.12,1682.42 1 0
github.com/raoptimus/kodrun/internal/tui/model.go:1683.12,1684.42 1 0
github.com/raoptimus/kodrun/internal/tui/model.go:1685.12,1686.43 1 0
github.com/raoptimus/kodrun/internal/tui/model.go:1687.11,1688.43 1 0
github.com/raoptimus/kodrun/internal/tui/model.go:1690.3,1691.10 2 0
github.com/raoptimus/kodrun/internal/tui/model.go:1693.2,1693.12 1 0
github.com/raoptimus/kodrun/internal/tui/model.go:1698.43,1702.41 3 1
github.com/raoptimus/kodrun/internal/tui/model.go:1702.41,1704.24 2 4
github.com/raoptimus/kodrun/internal/tui/model.go:1704.24,1706.4 1 1
github.com/raoptimus/kodrun/internal/tui/model.go:1706.9,1708.4 1 3
github.com/raoptimus/kodrun/internal/tui/model.go:1710.2,1712.34 3 1
github.com/raoptimus/kodrun/internal/tui/model.go:1716.47,1718.45 2 0
github.com/raoptimus/kodrun/internal/tui/model.go:1718.45,1720.28 2 0
github.com/raoptimus/kodrun/internal/tui/model.go:1720.28,1722.4 1 0
github.com/raoptimus/kodrun/internal/tui/model.go:1722.9,1724.4 1 0
github.com/raoptimus/kodrun/internal/tui/model.go:1726.2,1728.34 3 0
github.com/raoptimus/kodrun/internal/tui/model.go:1731.47,1733.45 2 0
github.com/raoptimus/kodrun/internal/tui/model.go:1733.45,1735.28 2 0
github.com/raoptimus/kodrun/internal/tui/model.go:1735.28,1737.4 1 0
github.com/raoptimus/kodrun/internal/tui/model.go:1737.9,1739.4 1 0
github.com/raoptimus/kodrun/internal/tui/model.go:1741.2,1743.34 3 0
github.com/raoptimus/kodrun/internal/tui/model.go:1746.83,1752.22 4 0
github.com/raoptimus/kodrun/internal/tui/model.go:1752.22,1754.3 1 0
github.com/raoptimus/kodrun/internal/tui/model.go:1755.2,1755.25 1 0
github.com/raoptimus/kodrun/internal/tui/model.go:1755.25,1757.3 1 0
github.com/raoptimus/kodrun/internal/tui/model.go:1758.2,1758.24 1 0
github.com/raoptimus/kodrun/internal/tui/model.go:1758.24,1760.3 1 0
github.com/raoptimus/kodrun/internal/tui/model.go:1761.2,1761.24 1 0
github.com/raoptimus/kodrun/internal/tui/model.go:1761.24,1763.3 1 0
github.com/raoptimus/kodrun/internal/tui/model.go:1764.2,1764.24 1 0
github.com/raoptimus/kodrun/internal/tui/model.go:1764.24,1766.3 1 0
github.com/raoptimus/kodrun/internal/tui/model.go:1769.2,1769.44 1 0
github.com/raoptimus/kodrun/internal/tui/model.go:1769.44,1771.3 1 0
github.com/raoptimus/kodrun/internal/tui/model.go:1774.2,1775.21 2 0
github.com/raoptimus/kodrun/internal/tui/model.go:1775.21,1777.3 1 0
github.com/raoptimus/kodrun/internal/tui/model.go:1778.2,1778.23 1 0
github.com/raoptimus/kodrun/internal/tui/model.go:1778.23,1780.3 1 0
github.com/raoptimus/kodrun/internal/tui/model.go:1781.2,1781.26 1 0
github.com/raoptimus/kodrun/internal/tui/model.go:1781.26,1783.3 1 0
github.com/raoptimus/kodrun/internal/tui/model.go:1784.2,1784.24 1 0
github.com/raoptimus/kodrun/internal/tui/model.go:1784.24,1786.3 1 0
github.com/raoptimus/kodrun/internal/tui/model.go:1789.2,1789.44 1 0
github.com/raoptimus/kodrun/internal/tui/model.go:1789.44,1792.16 3 0
github.com/raoptimus/kodrun/internal/tui/model.go:1792.16,1795.4 2 0
github.com/raoptimus/kodrun/internal/tui/model.go:1796.3,1799.17 1 0
github.com/raoptimus/kodrun/internal/tui/model.go:1802.2,1802.19 1 0
github.com/raoptimus/kodrun/internal/tui/model.go:1806.40,1808.28 2 0
github.com/raoptimus/kodrun/internal/tui/model.go:1808.28,1810.3 1 0
github.com/raoptimus/kodrun/internal/tui/model.go:1811.2,1811.32 1 0
github.com/raoptimus/kodrun/internal/tui/model.go:1814.35,1816.30 2 16
github.com/raoptimus/kodrun/internal/tui/model.go:1816.30,1818.3 1 0
github.com/raoptimus/kodrun/internal/tui/model.go:1819.2,1820.48 2 16
github.com/raoptimus/kodrun/internal/tui/model.go:1820.48,1822.3 1 16
github.com/raoptimus/kodrun/internal/tui/model.go:1823.2,1823.19 1 0
github.com/raoptimus/kodrun/internal/tui/model.go:1826.38,1827.30 1 16
github.com/raoptimus/kodrun/internal/tui/model.go:1827.30,1829.3 1 16
github.com/raoptimus/kodrun/internal/tui/model.go:1830.2,1830.15 1 0
github.com/raoptimus/kodrun/internal/tui/model.go:1830.15,1832.3 1 0
github.com/raoptimus/kodrun/internal/tui/model.go:1833.2,1833.29 1 0
github.com/raoptimus/kodrun/internal/tui/model.go:1836.33,1837.14 1 1
github.com/raoptimus/kodrun/internal/tui/model.go:1837.14,1839.3 1 1
github.com/raoptimus/kodrun/internal/tui/model.go:1840.2,1840.46 1 0
github.com/raoptimus/kodrun/internal/tui/selection.go:24.54,26.60 2 19
github.com/raoptimus/kodrun/internal/tui/selection.go:26.60,28.3 1 2
github.com/raoptimus/kodrun/internal/tui/selection.go:29.2,29.13 1 19
github.com/raoptimus/kodrun/internal/tui/selection.go:33.49,34.17 1 8
github.com/raoptimus/kodrun/internal/tui/selection.go:34.17,36.3 1 1
github.com/raoptimus/kodrun/internal/tui/selection.go:37.2,38.42 2 7
github.com/raoptimus/kodrun/internal/tui/selection.go:38.42,40.3 1 1
github.com/raoptimus/kodrun/internal/tui/selection.go:41.2,41.28 1 6
github.com/raoptimus/kodrun/internal/tui/selection.go:41.28,43.3 1 3
github.com/raoptimus/kodrun/internal/tui/selection.go:44.2,44.24 1 3
github.com/raoptimus/kodrun/internal/tui/selection.go:44.24,46.3 1 1
github.com/raoptimus/kodrun/internal/tui/selection.go:47.2,47.22 1 2
github.com/raoptimus/kodrun/internal/tui/selection.go:47.22,49.3 1 1
github.com/raoptimus/kodrun/internal/tui/selection.go:50.2,50.13 1 1
github.com/raoptimus/kodrun/internal/tui/selection.go:56.107,58.38 2 6
github.com/raoptimus/kodrun/internal/tui/selection.go:58.38,60.3 1 2
github.com/raoptimus/kodrun/internal/tui/selection.go:61.2,61.18 1 4
github.com/raoptimus/kodrun/internal/tui/selection.go:61.18,63.3 1 1
github.com/raoptimus/kodrun/internal/tui/selection.go:64.2,65.28 2 3
github.com/raoptimus/kodrun/internal/tui/selection.go:65.28,67.3 1 1
github.com/raoptimus/kodrun/internal/tui/selection.go:68.2,68.21 1 2
github.com/raoptimus/kodrun/internal/tui/selection.go:68.21,70.3 1 0
github.com/raoptimus/kodrun/internal/tui/selection.go:71.2,72.51 2 2
github.com/raoptimus/kodrun/internal/tui/selection.go:77.63,78.19 1 6
github.com/raoptimus/kodrun/internal/tui/selection.go:78.19,80.3 1 1
github.com/raoptimus/kodrun/internal/tui/selection.go:81.2,84.51 3 5
github.com/raoptimus/kodrun/internal/tui/selection.go:84.51,85.36 1 8
github.com/raoptimus/kodrun/internal/tui/selection.go:85.36,86.12 1 0
github.com/raoptimus/kodrun/internal/tui/selection.go:88.3,93.25 5 8
github.com/raoptimus/kodrun/internal/tui/selection.go:93.25,95.4 1 5
github.com/raoptimus/kodrun/internal/tui/selection.go:96.3,96.23 1 8
github.com/raoptimus/kodrun/internal/tui/selection.go:96.23,98.4 1 5
github.com/raoptimus/kodrun/internal/tui/selection.go:99.3,102.16 3 8
github.com/raoptimus/kodrun/internal/tui/selection.go:102.16,104.4 1 8
github.com/raoptimus/kodrun/internal/tui/selection.go:105.3,105.22 1 8
github.com/raoptimus/kodrun/internal/tui/selection.go:105.22,107.4 1 3
github.com/raoptimus/kodrun/internal/tui/selection.go:109.2,109.19 1 5
github.com/raoptimus/kodrun/internal/tui/selection.go:114.78,116.19 2 5
github.com/raoptimus/kodrun/internal/tui/selection.go:116.19,118.3 1 1
github.com/raoptimus/kodrun/internal/tui/selection.go:120.2,122.28 3 4
github.com/raoptimus/kodrun/internal/tui/selection.go:122.28,123.12 1 11
github.com/raoptimus/kodrun/internal/tui/selection.go:123.12,125.4 1 7
github.com/raoptimus/kodrun/internal/tui/selection.go:126.3,126.37 1 11
github.com/raoptimus/kodrun/internal/tui/selection.go:126.37,128.12 2 5
github.com/raoptimus/kodrun/internal/tui/selection.go:131.3,135.22 4 6
github.com/raoptimus/kodrun/internal/tui/selection.go:135.22,137.4 1 4
github.com/raoptimus/kodrun/internal/tui/selection.go:138.3,138.20 1 6
github.com/raoptimus/kodrun/internal/tui/selection.go:138.20,140.4 1 4
github.com/raoptimus/kodrun/internal/tui/selection.go:141.3,145.19 3 6
github.com/raoptimus/kodrun/internal/tui/selection.go:145.19,147.4 1 4
github.com/raoptimus/kodrun/internal/tui/selection.go:148.3,148.24 1 6
github.com/raoptimus/kodrun/internal/tui/selection.go:148.24,152.4 3 6
github.com/raoptimus/kodrun/internal/tui/selection.go:153.3,153.17 1 6
github.com/raoptimus/kodrun/internal/tui/selection.go:153.17,155.4 1 4
github.com/raoptimus/kodrun/internal/tui/selection.go:157.2,157.19 1 4
github.com/raoptimus/kodrun/internal/tui/selection.go:161.31,162.12 1 0
github.com/raoptimus/kodrun/internal/tui/selection.go:162.12,164.3 1 0
github.com/raoptimus/kodrun/internal/tui/selection.go:165.2,165.12 1 0
github.com/raoptimus/kodrun/internal/tui/selection.go:165.12,167.3 1 0
github.com/raoptimus/kodrun/internal/tui/selection.go:168.2,168.10 1 0
